TN:
SF:src\exportStaticData.ts
FN:12,(anonymous_8)
FN:12,(anonymous_9)
FN:23,(anonymous_10)
FN:24,(anonymous_11)
FN:40,(anonymous_12)
FN:41,(anonymous_13)
FN:59,(anonymous_14)
FN:60,(anonymous_15)
FN:79,(anonymous_16)
FNF:9
FNH:0
FNDA:0,(anonymous_8)
FNDA:0,(anonymous_9)
FNDA:0,(anonymous_10)
FNDA:0,(anonymous_11)
FNDA:0,(anonymous_12)
FNDA:0,(anonymous_13)
FNDA:0,(anonymous_14)
FNDA:0,(anonymous_15)
FNDA:0,(anonymous_16)
DA:1,0
DA:2,0
DA:3,0
DA:6,0
DA:8,0
DA:9,0
DA:10,0
DA:12,0
DA:13,0
DA:15,0
DA:17,0
DA:18,0
DA:19,0
DA:23,0
DA:24,0
DA:25,0
DA:26,0
DA:29,0
DA:32,0
DA:33,0
DA:36,0
DA:37,0
DA:38,0
DA:40,0
DA:41,0
DA:42,0
DA:43,0
DA:47,0
DA:48,0
DA:49,0
DA:50,0
DA:55,0
DA:56,0
DA:57,0
DA:59,0
DA:60,0
DA:61,0
DA:62,0
DA:66,0
DA:67,0
DA:71,0
DA:72,0
DA:74,0
DA:75,0
DA:77,0
DA:79,0
DA:80,0
DA:85,0
LF:48
LH:0
BRDA:17,0,0,0
BRDA:25,1,0,0
BRDA:38,2,0,0
BRDA:42,3,0,0
BRDA:47,4,0,0
BRDA:57,5,0,0
BRDA:61,6,0,0
BRDA:66,7,0,0
BRDA:80,8,0,0
BRF:9
BRH:0
end_of_record
TN:
SF:src\config\env.ts
FNF:0
FNH:0
DA:1,1
DA:2,1
DA:5,1
DA:8,1
DA:39,1
DA:41,1
DA:42,0
DA:43,0
DA:44,0
DA:47,1
DA:49,1
LF:11
LH:8
BRDA:41,0,0,0
BRDA:79,1,0,0
BRDA:79,1,1,1
BRDA:82,2,0,1
BRDA:82,2,1,1
BRF:5
BRH:3
end_of_record
TN:
SF:src\config\sentry.ts
FN:4,(anonymous_9)
FNF:1
FNH:0
FNDA:0,(anonymous_9)
DA:1,0
DA:2,0
DA:4,0
DA:5,0
DA:6,0
DA:15,0
DA:19,0
LF:7
LH:0
BRDA:5,0,0,0
BRDA:5,1,0,0
BRDA:5,1,1,0
BRF:3
BRH:0
end_of_record
TN:
SF:src\config\swagger.ts
FNF:0
FNH:0
DA:1,0
DA:2,0
DA:4,0
DA:167,0
LF:4
LH:0
BRF:0
BRH:0
end_of_record
TN:
SF:src\db\database.ts
FN:6,(anonymous_8)
FN:17,(anonymous_9)
FN:22,(anonymous_10)
FN:23,(anonymous_11)
FN:24,(anonymous_12)
FN:30,(anonymous_13)
FN:32,(anonymous_14)
FN:42,(anonymous_15)
FN:45,(anonymous_16)
FN:45,(anonymous_17)
FN:258,(anonymous_18)
FN:259,(anonymous_19)
FN:263,(anonymous_20)
FNF:13
FNH:1
FNDA:1,(anonymous_8)
FNDA:0,(anonymous_9)
FNDA:0,(anonymous_10)
FNDA:0,(anonymous_11)
FNDA:0,(anonymous_12)
FNDA:0,(anonymous_13)
FNDA:0,(anonymous_14)
FNDA:0,(anonymous_15)
FNDA:0,(anonymous_16)
FNDA:0,(anonymous_17)
FNDA:0,(anonymous_18)
FNDA:0,(anonymous_19)
FNDA:0,(anonymous_20)
DA:1,1
DA:2,1
DA:3,1
DA:4,1
DA:6,1
DA:7,1
DA:8,1
DA:10,1
DA:11,0
DA:14,1
DA:17,1
DA:20,1
DA:22,1
DA:23,0
DA:24,0
DA:25,0
DA:26,0
DA:30,1
DA:31,0
DA:32,0
DA:33,0
DA:34,0
DA:35,0
DA:39,0
DA:42,1
DA:43,0
DA:45,0
DA:46,0
DA:48,0
DA:49,0
DA:50,0
DA:52,0
DA:220,0
DA:221,0
DA:222,0
DA:225,0
DA:251,0
DA:252,0
DA:255,0
DA:256,0
DA:258,0
DA:259,0
DA:260,0
DA:261,0
DA:263,0
DA:269,0
LF:46
LH:14
BRDA:10,0,0,0
BRDA:22,1,0,0
BRDA:25,2,0,0
BRDA:25,2,1,0
BRDA:31,3,0,0
BRDA:33,4,0,0
BRDA:43,5,0,0
BRDA:260,6,0,0
BRDA:260,6,1,0
BRF:9
BRH:0
end_of_record
TN:
SF:src\db\migrations.ts
FN:12,(anonymous_7)
FN:13,(anonymous_8)
FN:20,(anonymous_9)
FN:29,(anonymous_10)
FN:30,(anonymous_11)
FN:31,(anonymous_12)
FN:39,(anonymous_13)
FN:40,(anonymous_14)
FN:44,(anonymous_15)
FN:57,(anonymous_16)
FN:57,(anonymous_17)
FN:58,(anonymous_18)
FN:68,(anonymous_19)
FN:78,(anonymous_20)
FN:78,(anonymous_21)
FN:79,(anonymous_22)
FN:80,(anonymous_23)
FN:90,(anonymous_24)
FN:90,(anonymous_25)
FN:91,(anonymous_26)
FN:93,(anonymous_27)
FN:113,(anonymous_28)
FN:124,(anonymous_29)
FN:124,(anonymous_30)
FN:125,(anonymous_31)
FN:126,(anonymous_32)
FN:136,(anonymous_33)
FN:136,(anonymous_34)
FN:146,(anonymous_35)
FN:147,(anonymous_36)
FN:156,(anonymous_37)
FN:156,(anonymous_38)
FN:166,(anonymous_39)
FN:167,(anonymous_40)
FN:178,(anonymous_41)
FN:178,(anonymous_42)
FN:179,(anonymous_43)
FN:196,(anonymous_44)
FN:206,(anonymous_45)
FN:206,(anonymous_46)
FN:207,(anonymous_47)
FN:208,(anonymous_48)
FN:218,(anonymous_49)
FN:218,(anonymous_50)
FN:226,(anonymous_51)
FN:227,(anonymous_52)
FN:239,(anonymous_53)
FN:239,(anonymous_54)
FN:246,(anonymous_55)
FN:246,(anonymous_56)
FN:256,(anonymous_57)
FN:257,(anonymous_58)
FN:268,(anonymous_59)
FN:269,(anonymous_60)
FN:273,(anonymous_61)
FN:279,(anonymous_62)
FN:285,(anonymous_63)
FN:298,(anonymous_64)
FN:298,(anonymous_65)
FN:305,(anonymous_66)
FN:305,(anonymous_67)
FN:311,(anonymous_68)
FN:312,(anonymous_69)
FN:322,(anonymous_70)
FN:340,(anonymous_71)
FN:358,(anonymous_72)
FN:359,(anonymous_73)
FN:371,(anonymous_74)
FN:371,(anonymous_75)
FN:372,(anonymous_76)
FN:373,(anonymous_77)
FN:387,(anonymous_78)
FN:387,(anonymous_79)
FN:388,(anonymous_80)
FN:389,(anonymous_81)
FN:390,(anonymous_82)
FN:429,(anonymous_83)
FN:429,(anonymous_84)
FN:431,(anonymous_85)
FN:440,(anonymous_86)
FN:447,(anonymous_87)
FN:449,(anonymous_88)
FN:451,(anonymous_89)
FN:453,(anonymous_90)
FN:467,(anonymous_91)
FN:467,(anonymous_92)
FN:468,(anonymous_93)
FN:469,(anonymous_94)
FN:474,(anonymous_95)
FN:475,(anonymous_96)
FN:482,(anonymous_97)
FN:482,(anonymous_98)
FN:489,(anonymous_99)
FN:489,(anonymous_100)
FN:490,(anonymous_101)
FN:491,(anonymous_102)
FN:492,(anonymous_103)
FN:500,(anonymous_104)
FN:508,(anonymous_105)
FN:524,(anonymous_106)
FN:524,(anonymous_107)
FN:531,(anonymous_108)
FN:531,(anonymous_109)
FN:532,(anonymous_110)
FN:533,(anonymous_111)
FN:534,(anonymous_112)
FN:556,(anonymous_113)
FN:556,(anonymous_114)
FN:563,(anonymous_115)
FN:563,(anonymous_116)
FN:589,(anonymous_117)
FN:589,(anonymous_118)
FN:592,(anonymous_119)
FN:595,(anonymous_120)
FN:608,(anonymous_121)
FN:616,(anonymous_122)
FN:617,(anonymous_123)
FNF:117
FNH:0
FNDA:0,(anonymous_7)
FNDA:0,(anonymous_8)
FNDA:0,(anonymous_9)
FNDA:0,(anonymous_10)
FNDA:0,(anonymous_11)
FNDA:0,(anonymous_12)
FNDA:0,(anonymous_13)
FNDA:0,(anonymous_14)
FNDA:0,(anonymous_15)
FNDA:0,(anonymous_16)
FNDA:0,(anonymous_17)
FNDA:0,(anonymous_18)
FNDA:0,(anonymous_19)
FNDA:0,(anonymous_20)
FNDA:0,(anonymous_21)
FNDA:0,(anonymous_22)
FNDA:0,(anonymous_23)
FNDA:0,(anonymous_24)
FNDA:0,(anonymous_25)
FNDA:0,(anonymous_26)
FNDA:0,(anonymous_27)
FNDA:0,(anonymous_28)
FNDA:0,(anonymous_29)
FNDA:0,(anonymous_30)
FNDA:0,(anonymous_31)
FNDA:0,(anonymous_32)
FNDA:0,(anonymous_33)
FNDA:0,(anonymous_34)
FNDA:0,(anonymous_35)
FNDA:0,(anonymous_36)
FNDA:0,(anonymous_37)
FNDA:0,(anonymous_38)
FNDA:0,(anonymous_39)
FNDA:0,(anonymous_40)
FNDA:0,(anonymous_41)
FNDA:0,(anonymous_42)
FNDA:0,(anonymous_43)
FNDA:0,(anonymous_44)
FNDA:0,(anonymous_45)
FNDA:0,(anonymous_46)
FNDA:0,(anonymous_47)
FNDA:0,(anonymous_48)
FNDA:0,(anonymous_49)
FNDA:0,(anonymous_50)
FNDA:0,(anonymous_51)
FNDA:0,(anonymous_52)
FNDA:0,(anonymous_53)
FNDA:0,(anonymous_54)
FNDA:0,(anonymous_55)
FNDA:0,(anonymous_56)
FNDA:0,(anonymous_57)
FNDA:0,(anonymous_58)
FNDA:0,(anonymous_59)
FNDA:0,(anonymous_60)
FNDA:0,(anonymous_61)
FNDA:0,(anonymous_62)
FNDA:0,(anonymous_63)
FNDA:0,(anonymous_64)
FNDA:0,(anonymous_65)
FNDA:0,(anonymous_66)
FNDA:0,(anonymous_67)
FNDA:0,(anonymous_68)
FNDA:0,(anonymous_69)
FNDA:0,(anonymous_70)
FNDA:0,(anonymous_71)
FNDA:0,(anonymous_72)
FNDA:0,(anonymous_73)
FNDA:0,(anonymous_74)
FNDA:0,(anonymous_75)
FNDA:0,(anonymous_76)
FNDA:0,(anonymous_77)
FNDA:0,(anonymous_78)
FNDA:0,(anonymous_79)
FNDA:0,(anonymous_80)
FNDA:0,(anonymous_81)
FNDA:0,(anonymous_82)
FNDA:0,(anonymous_83)
FNDA:0,(anonymous_84)
FNDA:0,(anonymous_85)
FNDA:0,(anonymous_86)
FNDA:0,(anonymous_87)
FNDA:0,(anonymous_88)
FNDA:0,(anonymous_89)
FNDA:0,(anonymous_90)
FNDA:0,(anonymous_91)
FNDA:0,(anonymous_92)
FNDA:0,(anonymous_93)
FNDA:0,(anonymous_94)
FNDA:0,(anonymous_95)
FNDA:0,(anonymous_96)
FNDA:0,(anonymous_97)
FNDA:0,(anonymous_98)
FNDA:0,(anonymous_99)
FNDA:0,(anonymous_100)
FNDA:0,(anonymous_101)
FNDA:0,(anonymous_102)
FNDA:0,(anonymous_103)
FNDA:0,(anonymous_104)
FNDA:0,(anonymous_105)
FNDA:0,(anonymous_106)
FNDA:0,(anonymous_107)
FNDA:0,(anonymous_108)
FNDA:0,(anonymous_109)
FNDA:0,(anonymous_110)
FNDA:0,(anonymous_111)
FNDA:0,(anonymous_112)
FNDA:0,(anonymous_113)
FNDA:0,(anonymous_114)
FNDA:0,(anonymous_115)
FNDA:0,(anonymous_116)
FNDA:0,(anonymous_117)
FNDA:0,(anonymous_118)
FNDA:0,(anonymous_119)
FNDA:0,(anonymous_120)
FNDA:0,(anonymous_121)
FNDA:0,(anonymous_122)
FNDA:0,(anonymous_123)
DA:2,0
DA:12,0
DA:13,0
DA:14,0
DA:21,0
DA:22,0
DA:29,0
DA:30,0
DA:31,0
DA:32,0
DA:33,0
DA:39,0
DA:40,0
DA:41,0
DA:45,0
DA:46,0
DA:53,0
DA:57,0
DA:58,0
DA:59,0
DA:69,0
DA:71,0
DA:72,0
DA:78,0
DA:79,0
DA:80,0
DA:81,0
DA:82,0
DA:90,0
DA:91,0
DA:93,0
DA:94,0
DA:95,0
DA:100,0
DA:114,0
DA:116,0
DA:117,0
DA:124,0
DA:125,0
DA:126,0
DA:127,0
DA:128,0
DA:136,0
DA:137,0
DA:145,0
DA:146,0
DA:147,0
DA:148,0
DA:149,0
DA:154,0
DA:156,0
DA:157,0
DA:165,0
DA:166,0
DA:167,0
DA:168,0
DA:169,0
DA:178,0
DA:179,0
DA:180,0
DA:197,0
DA:199,0
DA:200,0
DA:206,0
DA:207,0
DA:208,0
DA:209,0
DA:210,0
DA:218,0
DA:220,0
DA:225,0
DA:226,0
DA:227,0
DA:228,0
DA:229,0
DA:231,0
DA:237,0
DA:239,0
DA:240,0
DA:246,0
DA:248,0
DA:255,0
DA:256,0
DA:257,0
DA:258,0
DA:259,0
DA:261,0
DA:268,0
DA:269,0
DA:270,0
DA:271,0
DA:273,0
DA:278,0
DA:279,0
DA:280,0
DA:286,0
DA:287,0
DA:289,0
DA:293,0
DA:296,0
DA:298,0
DA:299,0
DA:305,0
DA:306,0
DA:310,0
DA:311,0
DA:312,0
DA:313,0
DA:314,0
DA:315,0
DA:317,0
DA:322,0
DA:323,0
DA:341,0
DA:342,0
DA:344,0
DA:350,0
DA:357,0
DA:358,0
DA:359,0
DA:360,0
DA:361,0
DA:363,0
DA:369,0
DA:371,0
DA:372,0
DA:373,0
DA:374,0
DA:375,0
DA:377,0
DA:381,0
DA:387,0
DA:388,0
DA:389,0
DA:390,0
DA:391,0
DA:392,0
DA:397,0
DA:398,0
DA:413,0
DA:414,0
DA:423,0
DA:424,0
DA:425,0
DA:426,0
DA:427,0
DA:429,0
DA:431,0
DA:432,0
DA:441,0
DA:442,0
DA:448,0
DA:449,0
DA:450,0
DA:451,0
DA:452,0
DA:453,0
DA:454,0
DA:467,0
DA:468,0
DA:469,0
DA:470,0
DA:471,0
DA:474,0
DA:475,0
DA:476,0
DA:477,0
DA:480,0
DA:482,0
DA:483,0
DA:489,0
DA:490,0
DA:491,0
DA:492,0
DA:493,0
DA:494,0
DA:498,0
DA:500,0
DA:501,0
DA:508,0
DA:512,0
DA:518,0
DA:519,0
DA:522,0
DA:524,0
DA:525,0
DA:531,0
DA:532,0
DA:533,0
DA:534,0
DA:535,0
DA:536,0
DA:540,0
DA:553,0
DA:554,0
DA:556,0
DA:557,0
DA:563,0
DA:564,0
DA:565,0
DA:566,0
DA:568,0
DA:569,0
DA:571,0
DA:572,0
DA:573,0
DA:574,0
DA:575,0
DA:577,0
DA:581,0
DA:583,0
DA:584,0
DA:589,0
DA:590,0
DA:591,0
DA:593,0
DA:596,0
DA:597,0
DA:603,0
DA:604,0
DA:605,0
DA:608,0
DA:609,0
DA:610,0
DA:613,0
DA:614,0
DA:616,0
DA:617,0
DA:618,0
DA:619,0
DA:623,0
DA:625,0
DA:626,0
LF:233
LH:0
BRDA:21,0,0,0
BRDA:21,0,1,0
BRDA:32,1,0,0
BRDA:32,1,1,0
BRDA:45,2,0,0
BRDA:45,2,1,0
BRDA:69,3,0,0
BRDA:69,3,1,0
BRDA:81,4,0,0
BRDA:81,4,1,0
BRDA:94,5,0,0
BRDA:114,6,0,0
BRDA:114,6,1,0
BRDA:127,7,0,0
BRDA:127,7,1,0
BRDA:148,8,0,0
BRDA:148,8,1,0
BRDA:168,9,0,0
BRDA:168,9,1,0
BRDA:197,10,0,0
BRDA:197,10,1,0
BRDA:209,11,0,0
BRDA:209,11,1,0
BRDA:228,12,0,0
BRDA:228,12,1,0
BRDA:228,13,0,0
BRDA:228,13,1,0
BRDA:258,14,0,0
BRDA:258,14,1,0
BRDA:258,15,0,0
BRDA:258,15,1,0
BRDA:270,16,0,0
BRDA:270,16,1,0
BRDA:270,17,0,0
BRDA:270,17,1,0
BRDA:278,18,0,0
BRDA:286,19,0,0
BRDA:313,20,0,0
BRDA:313,21,0,0
BRDA:313,21,1,0
BRDA:341,22,0,0
BRDA:341,22,1,0
BRDA:360,23,0,0
BRDA:360,23,1,0
BRDA:374,24,0,0
BRDA:374,24,1,0
BRDA:388,25,0,0
BRDA:391,26,0,0
BRDA:391,26,1,0
BRDA:441,27,0,0
BRDA:448,28,0,0
BRDA:450,29,0,0
BRDA:452,30,0,0
BRDA:470,31,0,0
BRDA:470,31,1,0
BRDA:470,32,0,0
BRDA:470,32,1,0
BRDA:476,33,0,0
BRDA:476,33,1,0
BRDA:476,34,0,0
BRDA:476,34,1,0
BRDA:493,35,0,0
BRDA:493,35,1,0
BRDA:493,36,0,0
BRDA:493,36,1,0
BRDA:508,37,0,0
BRDA:508,37,1,0
BRDA:535,38,0,0
BRDA:535,38,1,0
BRDA:535,39,0,0
BRDA:535,39,1,0
BRDA:571,40,0,0
BRDA:571,40,1,0
BRDA:596,41,0,0
BRDA:596,41,1,0
BRDA:603,42,0,0
BRDA:609,43,0,0
BRDA:618,44,0,0
BRDA:618,44,1,0
BRF:79
BRH:0
end_of_record
TN:
SF:src\db\promisified.ts
FN:4,dbRun
FN:6,(anonymous_1)
FN:7,(anonymous_2)
FN:14,dbGet
FN:16,(anonymous_4)
FN:17,(anonymous_5)
FN:24,dbAll
FN:26,(anonymous_7)
FN:27,(anonymous_8)
FNF:9
FNH:0
FNDA:0,dbRun
FNDA:0,(anonymous_1)
FNDA:0,(anonymous_2)
FNDA:0,dbGet
FNDA:0,(anonymous_4)
FNDA:0,(anonymous_5)
FNDA:0,dbAll
FNDA:0,(anonymous_7)
FNDA:0,(anonymous_8)
DA:2,0
DA:4,0
DA:5,0
DA:6,0
DA:7,0
DA:8,0
DA:9,0
DA:14,0
DA:15,0
DA:16,0
DA:17,0
DA:18,0
DA:19,0
DA:24,0
DA:25,0
DA:26,0
DA:27,0
DA:28,0
DA:29,0
LF:19
LH:0
BRDA:4,0,0,0
BRDA:8,1,0,0
BRDA:8,1,1,0
BRDA:14,2,0,0
BRDA:18,3,0,0
BRDA:18,3,1,0
BRDA:24,4,0,0
BRDA:28,5,0,0
BRDA:28,5,1,0
BRDA:29,6,0,0
BRDA:29,6,1,0
BRDA:29,7,0,0
BRDA:29,7,1,0
BRF:13
BRH:0
end_of_record
TN:
SF:src\middleware\admin.ts
FN:5,(anonymous_0)
FN:14,(anonymous_1)
FN:23,(anonymous_2)
FNF:3
FNH:0
FNDA:0,(anonymous_0)
FNDA:0,(anonymous_1)
FNDA:0,(anonymous_2)
DA:2,0
DA:3,0
DA:5,0
DA:6,0
DA:7,0
DA:8,0
DA:10,0
DA:14,0
DA:19,0
DA:20,0
DA:21,0
DA:23,0
LF:12
LH:0
BRDA:6,0,0,0
BRDA:6,1,0,0
BRDA:6,1,1,0
BRDA:6,2,0,0
BRDA:6,2,1,0
BRDA:19,3,0,0
BRF:6
BRH:0
end_of_record
TN:
SF:src\middleware\auth.ts
FN:14,extractToken
FN:23,verifyToken
FN:31,(anonymous_3)
FN:51,(anonymous_4)
FNF:4
FNH:0
FNDA:0,extractToken
FNDA:0,verifyToken
FNDA:0,(anonymous_3)
FNDA:0,(anonymous_4)
DA:2,0
DA:3,0
DA:4,0
DA:15,0
DA:16,0
DA:17,0
DA:19,0
DA:20,0
DA:24,0
DA:31,0
DA:32,0
DA:33,0
DA:34,0
DA:35,0
DA:38,0
DA:39,0
DA:41,0
DA:42,0
DA:44,0
DA:45,0
DA:47,0
DA:51,0
DA:52,0
DA:53,0
DA:54,0
DA:55,0
DA:57,0
DA:59,0
LF:28
LH:0
BRDA:16,0,0,0
BRDA:16,1,0,0
BRDA:16,1,1,0
BRDA:16,2,0,0
BRDA:16,2,1,0
BRDA:20,3,0,0
BRDA:20,3,1,0
BRDA:20,4,0,0
BRDA:20,4,1,0
BRDA:34,5,0,0
BRDA:41,6,0,0
BRDA:44,7,0,0
BRDA:54,8,0,0
BRF:13
BRH:0
end_of_record
TN:
SF:src\middleware\errorHandler.ts
FN:8,(anonymous_0)
FN:17,(anonymous_1)
FN:45,(anonymous_2)
FNF:3
FNH:0
FNDA:0,(anonymous_0)
FNDA:0,(anonymous_1)
FNDA:0,(anonymous_2)
DA:2,0
DA:4,0
DA:9,0
DA:10,0
DA:11,0
DA:13,0
DA:17,0
DA:23,0
DA:24,0
DA:26,0
DA:27,0
DA:28,0
DA:31,0
DA:39,0
DA:45,0
DA:46,0
LF:16
LH:0
BRDA:26,0,0,0
BRDA:41,1,0,0
BRDA:41,1,1,0
BRF:3
BRH:0
end_of_record
TN:
SF:src\middleware\rateLimiter.ts
FNF:0
FNH:0
DA:1,0
DA:2,0
DA:5,0
DA:14,0
DA:24,0
LF:5
LH:0
BRF:0
BRH:0
end_of_record
TN:
SF:src\middleware\security.ts
FN:5,(anonymous_1)
FN:23,(anonymous_2)
FN:26,(anonymous_3)
FNF:3
FNH:0
FNDA:0,(anonymous_1)
FNDA:0,(anonymous_2)
FNDA:0,(anonymous_3)
DA:1,0
DA:2,0
DA:3,0
DA:5,0
DA:6,0
DA:23,0
DA:24,0
DA:26,0
DA:29,0
LF:9
LH:0
BRDA:30,0,0,0
BRDA:30,0,1,0
BRF:2
BRH:0
end_of_record
TN:
SF:src\middleware\validation.ts
FN:4,(anonymous_0)
FN:5,(anonymous_1)
FN:17,(anonymous_2)
FNF:3
FNH:0
FNDA:0,(anonymous_0)
FNDA:0,(anonymous_1)
FNDA:0,(anonymous_2)
DA:2,0
DA:4,0
DA:5,0
DA:6,0
DA:7,0
DA:12,0
DA:14,0
DA:15,0
DA:17,0
DA:23,0
LF:10
LH:0
BRDA:14,0,0,0
BRF:1
BRH:0
end_of_record
TN:
SF:src\routes\alerts.ts
FN:24,(anonymous_7)
FN:39,(anonymous_8)
FN:39,(anonymous_9)
FN:83,(anonymous_10)
FN:83,(anonymous_11)
FN:119,(anonymous_12)
FN:119,(anonymous_13)
FN:164,(anonymous_14)
FN:164,(anonymous_15)
FNF:9
FNH:0
FNDA:0,(anonymous_7)
FNDA:0,(anonymous_8)
FNDA:0,(anonymous_9)
FNDA:0,(anonymous_10)
FNDA:0,(anonymous_11)
FNDA:0,(anonymous_12)
FNDA:0,(anonymous_13)
FNDA:0,(anonymous_14)
FNDA:0,(anonymous_15)
DA:1,0
DA:2,0
DA:4,0
DA:5,0
DA:7,0
DA:9,0
DA:18,0
DA:24,0
DA:39,0
DA:40,0
DA:41,0
DA:42,0
DA:44,0
DA:83,0
DA:84,0
DA:85,0
DA:86,0
DA:93,0
DA:95,0
DA:119,0
DA:120,0
DA:121,0
DA:122,0
DA:123,0
DA:125,0
DA:160,0
DA:164,0
DA:165,0
DA:166,0
DA:167,0
DA:168,0
DA:169,0
DA:171,0
DA:176,0
LF:34
LH:0
BRF:0
BRH:0
end_of_record
TN:
SF:src\routes\auth.ts
FN:42,(anonymous_7)
FN:72,(anonymous_8)
FN:72,(anonymous_9)
FN:109,(anonymous_10)
FN:109,(anonymous_11)
FN:120,(anonymous_12)
FN:139,(anonymous_13)
FN:139,(anonymous_14)
FN:181,(anonymous_15)
FN:181,(anonymous_16)
FN:226,(anonymous_17)
FN:226,(anonymous_18)
FNF:12
FNH:0
FNDA:0,(anonymous_7)
FNDA:0,(anonymous_8)
FNDA:0,(anonymous_9)
FNDA:0,(anonymous_10)
FNDA:0,(anonymous_11)
FNDA:0,(anonymous_12)
FNDA:0,(anonymous_13)
FNDA:0,(anonymous_14)
FNDA:0,(anonymous_15)
FNDA:0,(anonymous_16)
FNDA:0,(anonymous_17)
FNDA:0,(anonymous_18)
DA:1,0
DA:2,0
DA:4,0
DA:5,0
DA:6,0
DA:7,0
DA:8,0
DA:10,0
DA:13,0
DA:21,0
DA:28,0
DA:35,0
DA:42,0
DA:72,0
DA:73,0
DA:74,0
DA:75,0
DA:76,0
DA:77,0
DA:79,0
DA:109,0
DA:110,0
DA:111,0
DA:112,0
DA:113,0
DA:114,0
DA:116,0
DA:120,0
DA:121,0
DA:122,0
DA:139,0
DA:140,0
DA:141,0
DA:142,0
DA:143,0
DA:145,0
DA:152,0
DA:181,0
DA:182,0
DA:183,0
DA:184,0
DA:185,0
DA:187,0
DA:221,0
DA:226,0
DA:227,0
DA:228,0
DA:229,0
DA:230,0
DA:232,0
DA:237,0
LF:51
LH:0
BRDA:142,0,0,0
BRF:1
BRH:0
end_of_record
TN:
SF:src\routes\cardSearch.ts
FN:31,(anonymous_16)
FN:42,(anonymous_17)
FN:66,(anonymous_18)
FN:109,(anonymous_19)
FN:109,(anonymous_20)
FN:134,(anonymous_21)
FN:141,(anonymous_22)
FN:176,(anonymous_23)
FN:176,(anonymous_24)
FN:229,(anonymous_25)
FN:229,(anonymous_26)
FN:274,(anonymous_27)
FN:275,(anonymous_28)
FN:307,(anonymous_29)
FN:307,(anonymous_30)
FN:309,(anonymous_31)
FN:329,(anonymous_32)
FN:329,(anonymous_33)
FN:341,(anonymous_34)
FN:376,(anonymous_35)
FN:376,(anonymous_36)
FN:406,(anonymous_37)
FN:406,(anonymous_38)
FN:507,(anonymous_39)
FN:507,(anonymous_40)
FN:535,(anonymous_41)
FN:535,(anonymous_42)
FN:539,(anonymous_43)
FN:574,(anonymous_44)
FN:574,(anonymous_45)
FN:576,(anonymous_46)
FN:617,(anonymous_47)
FN:758,(anonymous_48)
FN:758,(anonymous_49)
FN:801,(anonymous_50)
FN:847,(anonymous_51)
FN:871,(anonymous_52)
FN:871,(anonymous_53)
FN:895,(anonymous_54)
FN:895,(anonymous_55)
FNF:40
FNH:0
FNDA:0,(anonymous_16)
FNDA:0,(anonymous_17)
FNDA:0,(anonymous_18)
FNDA:0,(anonymous_19)
FNDA:0,(anonymous_20)
FNDA:0,(anonymous_21)
FNDA:0,(anonymous_22)
FNDA:0,(anonymous_23)
FNDA:0,(anonymous_24)
FNDA:0,(anonymous_25)
FNDA:0,(anonymous_26)
FNDA:0,(anonymous_27)
FNDA:0,(anonymous_28)
FNDA:0,(anonymous_29)
FNDA:0,(anonymous_30)
FNDA:0,(anonymous_31)
FNDA:0,(anonymous_32)
FNDA:0,(anonymous_33)
FNDA:0,(anonymous_34)
FNDA:0,(anonymous_35)
FNDA:0,(anonymous_36)
FNDA:0,(anonymous_37)
FNDA:0,(anonymous_38)
FNDA:0,(anonymous_39)
FNDA:0,(anonymous_40)
FNDA:0,(anonymous_41)
FNDA:0,(anonymous_42)
FNDA:0,(anonymous_43)
FNDA:0,(anonymous_44)
FNDA:0,(anonymous_45)
FNDA:0,(anonymous_46)
FNDA:0,(anonymous_47)
FNDA:0,(anonymous_48)
FNDA:0,(anonymous_49)
FNDA:0,(anonymous_50)
FNDA:0,(anonymous_51)
FNDA:0,(anonymous_52)
FNDA:0,(anonymous_53)
FNDA:0,(anonymous_54)
FNDA:0,(anonymous_55)
DA:1,0
DA:2,0
DA:3,0
DA:4,0
DA:8,0
DA:9,0
DA:10,0
DA:21,0
DA:22,0
DA:26,0
DA:27,0
DA:29,0
DA:31,0
DA:32,0
DA:33,0
DA:35,0
DA:36,0
DA:38,0
DA:42,0
DA:45,0
DA:46,0
DA:49,0
DA:50,0
DA:51,0
DA:52,0
DA:53,0
DA:57,0
DA:58,0
DA:59,0
DA:63,0
DA:66,0
DA:67,0
DA:69,0
DA:70,0
DA:72,0
DA:74,0
DA:76,0
DA:103,0
DA:109,0
DA:110,0
DA:111,0
DA:113,0
DA:114,0
DA:115,0
DA:116,0
DA:127,0
DA:128,0
DA:133,0
DA:134,0
DA:135,0
DA:142,0
DA:143,0
DA:148,0
DA:149,0
DA:155,0
DA:164,0
DA:165,0
DA:176,0
DA:177,0
DA:178,0
DA:180,0
DA:181,0
DA:186,0
DA:187,0
DA:189,0
DA:219,0
DA:221,0
DA:222,0
DA:223,0
DA:226,0
DA:227,0
DA:229,0
DA:230,0
DA:231,0
DA:232,0
DA:238,0
DA:239,0
DA:240,0
DA:241,0
DA:269,0
DA:270,0
DA:271,0
DA:273,0
DA:274,0
DA:275,0
DA:276,0
DA:277,0
DA:279,0
DA:283,0
DA:286,0
DA:288,0
DA:296,0
DA:297,0
DA:307,0
DA:308,0
DA:309,0
DA:310,0
DA:312,0
DA:318,0
DA:319,0
DA:329,0
DA:330,0
DA:331,0
DA:333,0
DA:341,0
DA:342,0
DA:343,0
DA:344,0
DA:350,0
DA:351,0
DA:359,0
DA:368,0
DA:369,0
DA:376,0
DA:377,0
DA:378,0
DA:379,0
DA:380,0
DA:385,0
DA:394,0
DA:396,0
DA:406,0
DA:407,0
DA:408,0
DA:410,0
DA:411,0
DA:413,0
DA:417,0
DA:437,0
DA:448,0
DA:451,0
DA:452,0
DA:454,0
DA:455,0
DA:456,0
DA:458,0
DA:460,0
DA:463,0
DA:464,0
DA:465,0
DA:468,0
DA:469,0
DA:473,0
DA:507,0
DA:508,0
DA:509,0
DA:510,0
DA:517,0
DA:519,0
DA:526,0
DA:527,0
DA:535,0
DA:536,0
DA:537,0
DA:539,0
DA:540,0
DA:541,0
DA:542,0
DA:553,0
DA:554,0
DA:558,0
DA:559,0
DA:561,0
DA:562,0
DA:567,0
DA:569,0
DA:570,0
DA:571,0
DA:572,0
DA:574,0
DA:575,0
DA:577,0
DA:578,0
DA:581,0
DA:582,0
DA:584,0
DA:585,0
DA:596,0
DA:604,0
DA:605,0
DA:606,0
DA:607,0
DA:617,0
DA:618,0
DA:619,0
DA:622,0
DA:626,0
DA:630,0
DA:631,0
DA:638,0
DA:642,0
DA:650,0
DA:652,0
DA:653,0
DA:657,0
DA:658,0
DA:659,0
DA:660,0
DA:661,0
DA:665,0
DA:666,0
DA:673,0
DA:674,0
DA:675,0
DA:679,0
DA:686,0
DA:695,0
DA:703,0
DA:704,0
DA:716,0
DA:719,0
DA:722,0
DA:724,0
DA:726,0
DA:727,0
DA:728,0
DA:729,0
DA:730,0
DA:733,0
DA:736,0
DA:740,0
DA:741,0
DA:742,0
DA:743,0
DA:744,0
DA:748,0
DA:758,0
DA:759,0
DA:760,0
DA:762,0
DA:763,0
DA:768,0
DA:776,0
DA:777,0
DA:778,0
DA:779,0
DA:789,0
DA:796,0
DA:797,0
DA:801,0
DA:809,0
DA:824,0
DA:829,0
DA:834,0
DA:835,0
DA:838,0
DA:839,0
DA:840,0
DA:841,0
DA:842,0
DA:844,0
DA:848,0
DA:849,0
DA:851,0
DA:857,0
DA:859,0
DA:860,0
DA:871,0
DA:872,0
DA:873,0
DA:875,0
DA:877,0
DA:884,0
DA:885,0
DA:895,0
DA:896,0
DA:897,0
DA:899,0
DA:907,0
DA:908,0
DA:915,0
LF:271
LH:0
BRDA:32,0,0,0
BRDA:45,1,0,0
BRDA:51,2,0,0
BRDA:51,2,1,0
BRDA:51,3,0,0
BRDA:51,3,1,0
BRDA:52,4,0,0
BRDA:52,5,0,0
BRDA:52,5,1,0
BRDA:58,6,0,0
BRDA:58,7,0,0
BRDA:58,7,1,0
BRDA:58,8,0,0
BRDA:58,8,1,0
BRDA:58,9,0,0
BRDA:58,9,1,0
BRDA:70,10,0,0
BRDA:70,11,0,0
BRDA:70,11,1,0
BRDA:74,12,0,0
BRDA:74,12,1,0
BRDA:79,13,0,0
BRDA:79,13,1,0
BRDA:80,14,0,0
BRDA:80,14,1,0
BRDA:81,15,0,0
BRDA:81,15,1,0
BRDA:83,16,0,0
BRDA:83,16,1,0
BRDA:83,16,2,0
BRDA:84,17,0,0
BRDA:84,17,1,0
BRDA:84,17,2,0
BRDA:89,18,0,0
BRDA:89,18,1,0
BRDA:92,19,0,0
BRDA:92,19,1,0
BRDA:98,20,0,0
BRDA:98,20,1,0
BRDA:113,21,0,0
BRDA:113,22,0,0
BRDA:113,22,1,0
BRDA:115,23,0,0
BRDA:115,24,0,0
BRDA:115,24,1,0
BRDA:115,25,0,0
BRDA:115,25,1,0
BRDA:115,26,0,0
BRDA:115,26,1,0
BRDA:115,27,0,0
BRDA:115,27,1,0
BRDA:115,28,0,0
BRDA:115,28,1,0
BRDA:118,29,0,0
BRDA:118,29,1,0
BRDA:118,29,2,0
BRDA:119,30,0,0
BRDA:119,30,1,0
BRDA:119,30,2,0
BRDA:127,31,0,0
BRDA:127,32,0,0
BRDA:127,32,1,0
BRDA:127,32,2,0
BRDA:127,32,3,0
BRDA:142,33,0,0
BRDA:142,33,1,0
BRDA:148,34,0,0
BRDA:157,35,0,0
BRDA:157,35,1,0
BRDA:157,35,2,0
BRDA:158,36,0,0
BRDA:158,36,1,0
BRDA:158,36,2,0
BRDA:178,37,0,0
BRDA:180,38,0,0
BRDA:180,39,0,0
BRDA:180,39,1,0
BRDA:187,40,0,0
BRDA:187,40,1,0
BRDA:221,41,0,0
BRDA:221,42,0,0
BRDA:221,42,1,0
BRDA:230,43,0,0
BRDA:239,44,0,0
BRDA:265,45,0,0
BRDA:265,45,1,0
BRDA:265,46,0,0
BRDA:265,46,1,0
BRDA:270,47,0,0
BRDA:270,48,0,0
BRDA:270,48,1,0
BRDA:276,49,0,0
BRDA:276,49,1,0
BRDA:279,50,0,0
BRDA:279,50,1,0
BRDA:342,51,0,0
BRDA:350,52,0,0
BRDA:360,53,0,0
BRDA:360,53,1,0
BRDA:361,54,0,0
BRDA:361,54,1,0
BRDA:362,55,0,0
BRDA:362,55,1,0
BRDA:379,56,0,0
BRDA:379,57,0,0
BRDA:379,57,1,0
BRDA:386,58,0,0
BRDA:386,58,1,0
BRDA:388,59,0,0
BRDA:388,59,1,0
BRDA:389,60,0,0
BRDA:389,60,1,0
BRDA:390,61,0,0
BRDA:390,61,1,0
BRDA:391,62,0,0
BRDA:391,62,1,0
BRDA:410,63,0,0
BRDA:410,64,0,0
BRDA:410,65,0,0
BRDA:411,66,0,0
BRDA:411,66,1,0
BRDA:455,67,0,0
BRDA:455,67,1,0
BRDA:508,68,0,0
BRDA:539,69,0,0
BRDA:541,70,0,0
BRDA:541,70,1,0
BRDA:544,71,0,0
BRDA:544,71,1,0
BRDA:545,72,0,0
BRDA:545,72,1,0
BRDA:546,73,0,0
BRDA:546,73,1,0
BRDA:559,74,0,0
BRDA:559,75,0,0
BRDA:559,76,0,0
BRDA:561,77,0,0
BRDA:561,78,0,0
BRDA:561,78,1,0
BRDA:561,78,2,0
BRDA:569,79,0,0
BRDA:569,79,1,0
BRDA:569,80,0,0
BRDA:569,80,1,0
BRDA:570,81,0,0
BRDA:570,81,1,0
BRDA:572,82,0,0
BRDA:572,82,1,0
BRDA:581,83,0,0
BRDA:581,84,0,0
BRDA:581,84,1,0
BRDA:598,85,0,0
BRDA:598,85,1,0
BRDA:599,86,0,0
BRDA:599,86,1,0
BRDA:606,87,0,0
BRDA:606,88,0,0
BRDA:606,88,1,0
BRDA:622,89,0,0
BRDA:623,90,0,0
BRDA:623,90,1,0
BRDA:624,91,0,0
BRDA:624,91,1,0
BRDA:628,92,0,0
BRDA:628,92,1,0
BRDA:630,93,0,0
BRDA:652,94,0,0
BRDA:657,95,0,0
BRDA:659,96,0,0
BRDA:665,97,0,0
BRDA:669,98,0,0
BRDA:669,98,1,0
BRDA:673,99,0,0
BRDA:688,100,0,0
BRDA:688,100,1,0
BRDA:726,101,0,0
BRDA:729,102,0,0
BRDA:740,103,0,0
BRDA:742,104,0,0
BRDA:762,105,0,0
BRDA:762,106,0,0
BRDA:762,106,1,0
BRDA:770,107,0,0
BRDA:770,107,1,0
BRDA:770,108,0,0
BRDA:770,108,1,0
BRDA:772,109,0,0
BRDA:772,109,1,0
BRDA:777,110,0,0
BRDA:777,111,0,0
BRDA:777,111,1,0
BRDA:778,112,0,0
BRDA:778,112,1,0
BRDA:778,112,2,0
BRDA:791,113,0,0
BRDA:791,113,1,0
BRDA:792,114,0,0
BRDA:792,114,1,0
BRDA:793,115,0,0
BRDA:793,115,1,0
BRDA:796,116,0,0
BRDA:796,117,0,0
BRDA:796,117,1,0
BRDA:796,117,2,0
BRDA:796,118,0,0
BRDA:796,118,1,0
BRDA:796,119,0,0
BRDA:796,119,1,0
BRDA:796,120,0,0
BRDA:796,120,1,0
BRDA:796,121,0,0
BRDA:796,121,1,0
BRDA:803,122,0,0
BRDA:803,122,1,0
BRDA:803,123,0,0
BRDA:803,123,1,0
BRDA:816,124,0,0
BRDA:816,124,1,0
BRDA:816,125,0,0
BRDA:816,125,1,0
BRDA:830,126,0,0
BRDA:830,126,1,0
BRDA:830,127,0,0
BRDA:830,127,1,0
BRDA:834,128,0,0
BRDA:834,129,0,0
BRDA:834,129,1,0
BRDA:834,130,0,0
BRDA:834,130,1,0
BRDA:834,131,0,0
BRDA:834,131,1,0
BRDA:839,132,0,0
BRDA:839,132,1,0
BRDA:839,133,0,0
BRDA:839,133,1,0
BRDA:839,134,0,0
BRDA:839,134,1,0
BRDA:840,135,0,0
BRDA:840,135,1,0
BRDA:841,136,0,0
BRDA:841,136,1,0
BRDA:848,137,0,0
BRDA:848,137,1,0
BRDA:902,138,0,0
BRDA:902,138,1,0
BRDA:903,139,0,0
BRDA:903,139,1,0
BRF:247
BRH:0
end_of_record
TN:
SF:src\routes\enhancedPacks.ts
FN:14,(anonymous_7)
FN:14,(anonymous_8)
FN:35,(anonymous_9)
FN:35,(anonymous_10)
FN:71,(anonymous_11)
FN:71,(anonymous_12)
FN:107,(anonymous_13)
FN:107,(anonymous_14)
FN:120,(anonymous_15)
FN:139,(anonymous_16)
FN:165,(anonymous_17)
FN:165,(anonymous_18)
FN:189,(anonymous_19)
FN:189,(anonymous_20)
FN:232,(anonymous_21)
FN:232,(anonymous_22)
FN:238,(anonymous_23)
FNF:17
FNH:0
FNDA:0,(anonymous_7)
FNDA:0,(anonymous_8)
FNDA:0,(anonymous_9)
FNDA:0,(anonymous_10)
FNDA:0,(anonymous_11)
FNDA:0,(anonymous_12)
FNDA:0,(anonymous_13)
FNDA:0,(anonymous_14)
FNDA:0,(anonymous_15)
FNDA:0,(anonymous_16)
FNDA:0,(anonymous_17)
FNDA:0,(anonymous_18)
FNDA:0,(anonymous_19)
FNDA:0,(anonymous_20)
FNDA:0,(anonymous_21)
FNDA:0,(anonymous_22)
FNDA:0,(anonymous_23)
DA:1,0
DA:2,0
DA:3,0
DA:4,0
DA:5,0
DA:6,0
DA:7,0
DA:9,0
DA:14,0
DA:15,0
DA:16,0
DA:18,0
DA:24,0
DA:25,0
DA:35,0
DA:36,0
DA:37,0
DA:38,0
DA:40,0
DA:41,0
DA:47,0
DA:52,0
DA:54,0
DA:60,0
DA:61,0
DA:71,0
DA:72,0
DA:73,0
DA:75,0
DA:76,0
DA:81,0
DA:83,0
DA:84,0
DA:90,0
DA:96,0
DA:97,0
DA:107,0
DA:108,0
DA:109,0
DA:111,0
DA:112,0
DA:117,0
DA:120,0
DA:121,0
DA:139,0
DA:140,0
DA:141,0
DA:143,0
DA:148,0
DA:154,0
DA:155,0
DA:165,0
DA:166,0
DA:167,0
DA:168,0
DA:170,0
DA:178,0
DA:179,0
DA:189,0
DA:190,0
DA:191,0
DA:192,0
DA:194,0
DA:195,0
DA:200,0
DA:205,0
DA:211,0
DA:221,0
DA:222,0
DA:232,0
DA:233,0
DA:234,0
DA:236,0
DA:238,0
DA:247,0
DA:248,0
DA:255,0
LF:77
LH:0
BRDA:40,0,0,0
BRDA:47,1,0,0
BRDA:47,1,1,0
BRDA:47,2,0,0
BRDA:47,2,1,0
BRDA:48,3,0,0
BRDA:48,3,1,0
BRDA:49,4,0,0
BRDA:49,4,1,0
BRDA:75,5,0,0
BRDA:83,6,0,0
BRDA:111,7,0,0
BRDA:140,8,0,0
BRDA:140,8,1,0
BRDA:173,9,0,0
BRDA:173,9,1,0
BRDA:194,10,0,0
BRDA:214,11,0,0
BRDA:214,11,1,0
BRF:19
BRH:0
end_of_record
TN:
SF:src\routes\marketInsights.ts
FN:13,(anonymous_7)
FN:14,(anonymous_8)
FN:15,(anonymous_9)
FN:21,(anonymous_10)
FN:21,(anonymous_11)
FN:34,(anonymous_12)
FN:34,(anonymous_13)
FN:38,(anonymous_14)
FN:55,(anonymous_15)
FN:66,(anonymous_16)
FN:70,(anonymous_17)
FN:125,(anonymous_18)
FN:125,(anonymous_19)
FN:138,(anonymous_20)
FN:138,(anonymous_21)
FN:150,(anonymous_22)
FN:150,(anonymous_23)
FN:155,(anonymous_24)
FN:155,(anonymous_25)
FN:160,(anonymous_26)
FN:160,(anonymous_27)
FN:165,(anonymous_28)
FN:165,(anonymous_29)
FNF:23
FNH:0
FNDA:0,(anonymous_7)
FNDA:0,(anonymous_8)
FNDA:0,(anonymous_9)
FNDA:0,(anonymous_10)
FNDA:0,(anonymous_11)
FNDA:0,(anonymous_12)
FNDA:0,(anonymous_13)
FNDA:0,(anonymous_14)
FNDA:0,(anonymous_15)
FNDA:0,(anonymous_16)
FNDA:0,(anonymous_17)
FNDA:0,(anonymous_18)
FNDA:0,(anonymous_19)
FNDA:0,(anonymous_20)
FNDA:0,(anonymous_21)
FNDA:0,(anonymous_22)
FNDA:0,(anonymous_23)
FNDA:0,(anonymous_24)
FNDA:0,(anonymous_25)
FNDA:0,(anonymous_26)
FNDA:0,(anonymous_27)
FNDA:0,(anonymous_28)
FNDA:0,(anonymous_29)
DA:1,0
DA:2,0
DA:3,0
DA:4,0
DA:5,0
DA:6,0
DA:7,0
DA:9,0
DA:11,0
DA:13,0
DA:14,0
DA:15,0
DA:16,0
DA:17,0
DA:21,0
DA:22,0
DA:23,0
DA:25,0
DA:27,0
DA:34,0
DA:35,0
DA:36,0
DA:38,0
DA:39,0
DA:56,0
DA:57,0
DA:62,0
DA:63,0
DA:66,0
DA:67,0
DA:71,0
DA:72,0
DA:77,0
DA:125,0
DA:126,0
DA:127,0
DA:128,0
DA:138,0
DA:139,0
DA:141,0
DA:142,0
DA:145,0
DA:146,0
DA:147,0
DA:150,0
DA:151,0
DA:152,0
DA:155,0
DA:156,0
DA:157,0
DA:160,0
DA:161,0
DA:162,0
DA:165,0
DA:166,0
DA:167,0
DA:168,0
DA:171,0
LF:58
LH:0
BRDA:17,0,0,0
BRDA:17,0,1,0
BRDA:22,1,0,0
BRDA:22,1,1,0
BRDA:56,2,0,0
BRDA:57,3,0,0
BRDA:57,3,1,0
BRDA:62,4,0,0
BRDA:71,5,0,0
BRDA:72,6,0,0
BRDA:72,6,1,0
BRDA:81,7,0,0
BRDA:81,7,1,0
BRDA:82,8,0,0
BRDA:82,8,1,0
BRDA:83,9,0,0
BRDA:83,9,1,0
BRDA:84,10,0,0
BRDA:84,10,1,0
BRDA:85,11,0,0
BRDA:85,11,1,0
BRDA:86,12,0,0
BRDA:86,12,1,0
BRDA:87,13,0,0
BRDA:87,13,1,0
BRDA:88,14,0,0
BRDA:88,14,1,0
BRDA:116,15,0,0
BRDA:116,15,1,0
BRDA:139,16,0,0
BRDA:141,17,0,0
BRDA:146,18,0,0
BRDA:146,18,1,0
BRF:33
BRH:0
end_of_record
TN:
SF:src\routes\portfolio.ts
FN:50,(anonymous_7)
FN:51,(anonymous_8)
FN:51,(anonymous_9)
FN:60,(anonymous_10)
FN:60,(anonymous_11)
FN:69,(anonymous_12)
FN:69,(anonymous_13)
FN:78,(anonymous_14)
FN:78,(anonymous_15)
FN:100,(anonymous_16)
FN:100,(anonymous_17)
FN:110,(anonymous_18)
FN:110,(anonymous_19)
FNF:13
FNH:0
FNDA:0,(anonymous_7)
FNDA:0,(anonymous_8)
FNDA:0,(anonymous_9)
FNDA:0,(anonymous_10)
FNDA:0,(anonymous_11)
FNDA:0,(anonymous_12)
FNDA:0,(anonymous_13)
FNDA:0,(anonymous_14)
FNDA:0,(anonymous_15)
FNDA:0,(anonymous_16)
FNDA:0,(anonymous_17)
FNDA:0,(anonymous_18)
FNDA:0,(anonymous_19)
DA:1,0
DA:2,0
DA:4,0
DA:5,0
DA:6,0
DA:8,0
DA:10,0
DA:24,0
DA:34,0
DA:50,0
DA:51,0
DA:52,0
DA:53,0
DA:54,0
DA:56,0
DA:60,0
DA:61,0
DA:62,0
DA:63,0
DA:65,0
DA:69,0
DA:70,0
DA:71,0
DA:72,0
DA:74,0
DA:78,0
DA:79,0
DA:81,0
DA:82,0
DA:94,0
DA:96,0
DA:100,0
DA:101,0
DA:102,0
DA:103,0
DA:104,0
DA:106,0
DA:110,0
DA:111,0
DA:112,0
DA:113,0
DA:114,0
DA:116,0
DA:120,0
LF:44
LH:0
BRF:0
BRH:0
end_of_record
TN:
SF:src\routes\priceHistory.ts
FN:68,(anonymous_7)
FN:72,(anonymous_8)
FN:92,(anonymous_9)
FN:112,(anonymous_10)
FN:121,(anonymous_11)
FN:141,(anonymous_12)
FN:149,(anonymous_13)
FN:162,(anonymous_14)
FN:165,(anonymous_15)
FN:174,(anonymous_16)
FN:174,(anonymous_17)
FN:268,(anonymous_18)
FN:269,(anonymous_19)
FN:303,(anonymous_20)
FN:320,(anonymous_21)
FN:339,(anonymous_22)
FN:360,(anonymous_23)
FN:370,(anonymous_24)
FN:414,(anonymous_25)
FN:424,(anonymous_26)
FN:467,(anonymous_27)
FN:476,(anonymous_28)
FN:477,(anonymous_29)
FN:495,(anonymous_30)
FN:513,(anonymous_31)
FN:523,(anonymous_32)
FN:547,(anonymous_33)
FN:557,(anonymous_34)
FN:565,(anonymous_35)
FN:579,(anonymous_36)
FN:587,(anonymous_37)
FNF:31
FNH:0
FNDA:0,(anonymous_7)
FNDA:0,(anonymous_8)
FNDA:0,(anonymous_9)
FNDA:0,(anonymous_10)
FNDA:0,(anonymous_11)
FNDA:0,(anonymous_12)
FNDA:0,(anonymous_13)
FNDA:0,(anonymous_14)
FNDA:0,(anonymous_15)
FNDA:0,(anonymous_16)
FNDA:0,(anonymous_17)
FNDA:0,(anonymous_18)
FNDA:0,(anonymous_19)
FNDA:0,(anonymous_20)
FNDA:0,(anonymous_21)
FNDA:0,(anonymous_22)
FNDA:0,(anonymous_23)
FNDA:0,(anonymous_24)
FNDA:0,(anonymous_25)
FNDA:0,(anonymous_26)
FNDA:0,(anonymous_27)
FNDA:0,(anonymous_28)
FNDA:0,(anonymous_29)
FNDA:0,(anonymous_30)
FNDA:0,(anonymous_31)
FNDA:0,(anonymous_32)
FNDA:0,(anonymous_33)
FNDA:0,(anonymous_34)
FNDA:0,(anonymous_35)
FNDA:0,(anonymous_36)
FNDA:0,(anonymous_37)
DA:1,0
DA:2,0
DA:3,0
DA:4,0
DA:66,0
DA:68,0
DA:69,0
DA:72,0
DA:73,0
DA:75,0
DA:76,0
DA:79,0
DA:82,0
DA:83,0
DA:84,0
DA:85,0
DA:88,0
DA:91,0
DA:93,0
DA:94,0
DA:98,0
DA:101,0
DA:113,0
DA:121,0
DA:122,0
DA:123,0
DA:125,0
DA:126,0
DA:129,0
DA:132,0
DA:133,0
DA:134,0
DA:135,0
DA:136,0
DA:137,0
DA:140,0
DA:142,0
DA:144,0
DA:148,0
DA:149,0
DA:160,0
DA:163,0
DA:166,0
DA:174,0
DA:175,0
DA:177,0
DA:178,0
DA:181,0
DA:182,0
DA:183,0
DA:184,0
DA:185,0
DA:186,0
DA:187,0
DA:189,0
DA:198,0
DA:199,0
DA:200,0
DA:201,0
DA:203,0
DA:204,0
DA:205,0
DA:208,0
DA:216,0
DA:225,0
DA:226,0
DA:227,0
DA:228,0
DA:230,0
DA:231,0
DA:232,0
DA:235,0
DA:236,0
DA:241,0
DA:249,0
DA:262,0
DA:263,0
DA:268,0
DA:269,0
DA:270,0
DA:289,0
DA:290,0
DA:291,0
DA:293,0
DA:303,0
DA:304,0
DA:305,0
DA:306,0
DA:308,0
DA:309,0
DA:313,0
DA:316,0
DA:319,0
DA:320,0
DA:321,0
DA:322,0
DA:323,0
DA:325,0
DA:339,0
DA:340,0
DA:341,0
DA:342,0
DA:345,0
DA:346,0
DA:348,0
DA:349,0
DA:350,0
DA:351,0
DA:352,0
DA:354,0
DA:355,0
DA:358,0
DA:360,0
DA:361,0
DA:362,0
DA:363,0
DA:365,0
DA:370,0
DA:371,0
DA:372,0
DA:373,0
DA:375,0
DA:387,0
DA:389,0
DA:390,0
DA:391,0
DA:394,0
DA:395,0
DA:396,0
DA:399,0
DA:402,0
DA:409,0
DA:410,0
DA:412,0
DA:414,0
DA:415,0
DA:416,0
DA:417,0
DA:419,0
DA:424,0
DA:425,0
DA:426,0
DA:427,0
DA:429,0
DA:430,0
DA:432,0
DA:459,0
DA:467,0
DA:468,0
DA:469,0
DA:470,0
DA:473,0
DA:476,0
DA:477,0
DA:479,0
DA:480,0
DA:481,0
DA:484,0
DA:495,0
DA:496,0
DA:497,0
DA:498,0
DA:500,0
DA:513,0
DA:514,0
DA:515,0
DA:516,0
DA:518,0
DA:523,0
DA:524,0
DA:525,0
DA:526,0
DA:527,0
DA:529,0
DA:538,0
DA:540,0
DA:541,0
DA:542,0
DA:545,0
DA:547,0
DA:548,0
DA:549,0
DA:550,0
DA:552,0
DA:557,0
DA:558,0
DA:559,0
DA:561,0
DA:563,0
DA:565,0
DA:566,0
DA:567,0
DA:568,0
DA:571,0
DA:572,0
DA:573,0
DA:575,0
DA:576,0
DA:579,0
DA:580,0
DA:581,0
DA:582,0
DA:584,0
DA:586,0
DA:587,0
DA:588,0
DA:590,0
DA:595,0
LF:208
LH:0
BRDA:73,0,0,0
BRDA:75,1,0,0
BRDA:75,2,0,0
BRDA:75,2,1,0
BRDA:84,3,0,0
BRDA:84,3,1,0
BRDA:93,4,0,0
BRDA:122,5,0,0
BRDA:125,6,0,0
BRDA:125,7,0,0
BRDA:125,7,1,0
BRDA:125,7,2,0
BRDA:133,8,0,0
BRDA:133,8,1,0
BRDA:134,9,0,0
BRDA:134,9,1,0
BRDA:135,10,0,0
BRDA:135,10,1,0
BRDA:137,11,0,0
BRDA:137,11,1,0
BRDA:142,12,0,0
BRDA:144,13,0,0
BRDA:144,13,1,0
BRDA:155,14,0,0
BRDA:155,14,1,0
BRDA:175,15,0,0
BRDA:177,16,0,0
BRDA:177,17,0,0
BRDA:177,17,1,0
BRDA:184,18,0,0
BRDA:184,18,1,0
BRDA:185,19,0,0
BRDA:185,19,1,0
BRDA:186,20,0,0
BRDA:186,20,1,0
BRDA:187,21,0,0
BRDA:187,21,1,0
BRDA:191,22,0,0
BRDA:191,22,1,0
BRDA:194,23,0,0
BRDA:194,23,1,0
BRDA:198,24,0,0
BRDA:200,25,0,0
BRDA:204,26,0,0
BRDA:212,27,0,0
BRDA:212,27,1,0
BRDA:220,28,0,0
BRDA:220,28,1,0
BRDA:222,29,0,0
BRDA:222,29,1,0
BRDA:225,30,0,0
BRDA:227,31,0,0
BRDA:231,32,0,0
BRDA:235,33,0,0
BRDA:245,34,0,0
BRDA:245,34,1,0
BRDA:256,35,0,0
BRDA:256,35,1,0
BRDA:290,36,0,0
BRDA:290,36,1,0
BRDA:304,37,0,0
BRDA:308,38,0,0
BRDA:321,39,0,0
BRDA:331,40,0,0
BRDA:331,40,1,0
BRDA:348,41,0,0
BRDA:350,42,0,0
BRDA:350,43,0,0
BRDA:350,43,1,0
BRDA:361,44,0,0
BRDA:372,45,0,0
BRDA:389,46,0,0
BRDA:394,47,0,0
BRDA:409,48,0,0
BRDA:409,48,1,0
BRDA:415,49,0,0
BRDA:429,50,0,0
BRDA:429,50,1,0
BRDA:430,51,0,0
BRDA:430,51,1,0
BRDA:468,52,0,0
BRDA:480,53,0,0
BRDA:480,54,0,0
BRDA:480,54,1,0
BRDA:480,54,2,0
BRDA:487,55,0,0
BRDA:487,55,1,0
BRDA:488,56,0,0
BRDA:488,56,1,0
BRDA:488,57,0,0
BRDA:488,57,1,0
BRDA:488,58,0,0
BRDA:488,58,1,0
BRDA:496,59,0,0
BRDA:496,59,1,0
BRDA:514,60,0,0
BRDA:524,61,0,0
BRDA:524,61,1,0
BRDA:540,62,0,0
BRDA:548,63,0,0
BRDA:559,64,0,0
BRDA:566,65,0,0
BRDA:571,66,0,0
BRDA:571,66,1,0
BRDA:575,67,0,0
BRDA:580,68,0,0
BRDA:580,68,1,0
BRDA:581,69,0,0
BRDA:581,70,0,0
BRDA:581,70,1,0
BRDA:581,70,2,0
BRDA:581,70,3,0
BRF:112
BRH:0
end_of_record
TN:
SF:src\routes\setTracker.ts
FN:14,(anonymous_7)
FN:19,(anonymous_8)
FN:27,(anonymous_9)
FN:27,(anonymous_10)
FN:40,(anonymous_11)
FN:43,(anonymous_12)
FN:67,(anonymous_13)
FN:67,(anonymous_14)
FN:80,(anonymous_15)
FN:100,(anonymous_16)
FN:100,(anonymous_17)
FNF:11
FNH:0
FNDA:0,(anonymous_7)
FNDA:0,(anonymous_8)
FNDA:0,(anonymous_9)
FNDA:0,(anonymous_10)
FNDA:0,(anonymous_11)
FNDA:0,(anonymous_12)
FNDA:0,(anonymous_13)
FNDA:0,(anonymous_14)
FNDA:0,(anonymous_15)
FNDA:0,(anonymous_16)
FNDA:0,(anonymous_17)
DA:1,0
DA:2,0
DA:3,0
DA:12,0
DA:14,0
DA:15,0
DA:16,0
DA:19,0
DA:27,0
DA:28,0
DA:29,0
DA:30,0
DA:31,0
DA:34,0
DA:35,0
DA:36,0
DA:39,0
DA:40,0
DA:41,0
DA:43,0
DA:48,0
DA:55,0
DA:56,0
DA:67,0
DA:68,0
DA:69,0
DA:70,0
DA:71,0
DA:74,0
DA:75,0
DA:76,0
DA:79,0
DA:80,0
DA:81,0
DA:82,0
DA:84,0
DA:86,0
DA:88,0
DA:89,0
DA:100,0
DA:101,0
DA:102,0
DA:103,0
DA:104,0
DA:106,0
DA:107,0
DA:110,0
DA:111,0
DA:117,0
DA:118,0
DA:119,0
DA:122,0
DA:124,0
DA:134,0
DA:135,0
DA:142,0
LF:56
LH:0
BRDA:15,0,0,0
BRDA:15,1,0,0
BRDA:15,1,1,0
BRDA:30,2,0,0
BRDA:30,3,0,0
BRDA:30,3,1,0
BRDA:30,4,0,0
BRDA:30,4,1,0
BRDA:35,5,0,0
BRDA:70,6,0,0
BRDA:70,7,0,0
BRDA:70,7,1,0
BRDA:70,8,0,0
BRDA:70,8,1,0
BRDA:75,9,0,0
BRDA:103,10,0,0
BRDA:103,10,1,0
BRDA:106,11,0,0
BRDA:106,12,0,0
BRDA:106,12,1,0
BRDA:106,13,0,0
BRDA:106,13,1,0
BRDA:110,14,0,0
BRDA:118,15,0,0
BRF:24
BRH:0
end_of_record
TN:
SF:src\routes\trackedCards.ts
FN:9,(anonymous_7)
FN:9,(anonymous_8)
FN:12,(anonymous_9)
FN:16,(anonymous_10)
FN:20,(anonymous_11)
FN:36,(anonymous_12)
FN:36,(anonymous_13)
FN:45,(anonymous_14)
FN:53,(anonymous_15)
FN:65,(anonymous_16)
FN:65,(anonymous_17)
FN:70,(anonymous_18)
FN:74,(anonymous_19)
FNF:13
FNH:0
FNDA:0,(anonymous_7)
FNDA:0,(anonymous_8)
FNDA:0,(anonymous_9)
FNDA:0,(anonymous_10)
FNDA:0,(anonymous_11)
FNDA:0,(anonymous_12)
FNDA:0,(anonymous_13)
FNDA:0,(anonymous_14)
FNDA:0,(anonymous_15)
FNDA:0,(anonymous_16)
FNDA:0,(anonymous_17)
FNDA:0,(anonymous_18)
FNDA:0,(anonymous_19)
DA:1,0
DA:2,0
DA:3,0
DA:4,0
DA:6,0
DA:9,0
DA:10,0
DA:11,0
DA:12,0
DA:13,0
DA:16,0
DA:20,0
DA:28,0
DA:30,0
DA:31,0
DA:36,0
DA:37,0
DA:38,0
DA:39,0
DA:41,0
DA:42,0
DA:45,0
DA:46,0
DA:53,0
DA:57,0
DA:59,0
DA:60,0
DA:65,0
DA:66,0
DA:67,0
DA:68,0
DA:70,0
DA:71,0
DA:74,0
DA:78,0
DA:80,0
DA:81,0
DA:85,0
LF:38
LH:0
BRDA:16,0,0,0
BRDA:16,0,1,0
BRDA:41,1,0,0
BRDA:41,2,0,0
BRDA:41,2,1,0
BRDA:52,3,0,0
BRDA:52,3,1,0
BRDA:53,4,0,0
BRDA:53,4,1,0
BRDA:74,5,0,0
BRDA:74,5,1,0
BRF:11
BRH:0
end_of_record
TN:
SF:src\scripts\addPromoImages.ts
FN:100,applyPromoImages
FN:119,(anonymous_18)
FN:126,(anonymous_19)
FN:140,(anonymous_20)
FN:146,(anonymous_21)
FN:170,showCardsNeedingImages
FN:176,(anonymous_24)
FN:177,(anonymous_25)
FN:181,(anonymous_26)
FN:193,(anonymous_27)
FN:200,(anonymous_28)
FN:216,(anonymous_29)
FN:231,fetchFromTCGPlayer
FN:243,(anonymous_32)
FN:243,(anonymous_33)
FN:246,(anonymous_34)
FN:247,(anonymous_35)
FN:253,(anonymous_36)
FN:261,(anonymous_37)
FNF:19
FNH:0
FNDA:0,applyPromoImages
FNDA:0,(anonymous_18)
FNDA:0,(anonymous_19)
FNDA:0,(anonymous_20)
FNDA:0,(anonymous_21)
FNDA:0,showCardsNeedingImages
FNDA:0,(anonymous_24)
FNDA:0,(anonymous_25)
FNDA:0,(anonymous_26)
FNDA:0,(anonymous_27)
FNDA:0,(anonymous_28)
FNDA:0,(anonymous_29)
FNDA:0,fetchFromTCGPlayer
FNDA:0,(anonymous_32)
FNDA:0,(anonymous_33)
FNDA:0,(anonymous_34)
FNDA:0,(anonymous_35)
FNDA:0,(anonymous_36)
FNDA:0,(anonymous_37)
DA:16,0
DA:17,0
DA:42,0
DA:101,0
DA:102,0
DA:103,0
DA:104,0
DA:106,0
DA:107,0
DA:109,0
DA:110,0
DA:112,0
DA:113,0
DA:114,0
DA:115,0
DA:119,0
DA:120,0
DA:127,0
DA:128,0
DA:133,0
DA:134,0
DA:135,0
DA:136,0
DA:140,0
DA:141,0
DA:147,0
DA:148,0
DA:153,0
DA:154,0
DA:156,0
DA:157,0
DA:161,0
DA:162,0
DA:163,0
DA:164,0
DA:171,0
DA:173,0
DA:176,0
DA:177,0
DA:178,0
DA:179,0
DA:181,0
DA:182,0
DA:187,0
DA:188,0
DA:189,0
DA:190,0
DA:193,0
DA:194,0
DA:201,0
DA:202,0
DA:203,0
DA:205,0
DA:211,0
DA:212,0
DA:213,0
DA:216,0
DA:217,0
DA:218,0
DA:219,0
DA:222,0
DA:234,0
DA:235,0
DA:239,0
DA:240,0
DA:241,0
DA:243,0
DA:244,0
DA:246,0
DA:247,0
DA:249,0
DA:250,0
DA:253,0
DA:255,0
DA:257,0
DA:258,0
DA:261,0
DA:263,0
DA:265,0
DA:266,0
DA:267,0
DA:268,0
DA:269,0
DA:270,0
DA:271,0
DA:272,0
DA:274,0
DA:276,0
DA:277,0
DA:278,0
DA:279,0
DA:280,0
DA:281,0
DA:282,0
DA:283,0
DA:286,0
DA:288,0
DA:289,0
DA:294,0
LF:99
LH:0
BRDA:112,0,0,0
BRDA:127,1,0,0
BRDA:127,1,1,0
BRDA:133,2,0,0
BRDA:147,3,0,0
BRDA:147,3,1,0
BRDA:178,4,0,0
BRDA:178,4,1,0
BRDA:178,5,0,0
BRDA:178,5,1,0
BRDA:187,6,0,0
BRDA:201,7,0,0
BRDA:201,7,1,0
BRDA:205,8,0,0
BRDA:205,8,1,0
BRDA:211,9,0,0
BRDA:239,10,0,0
BRDA:265,11,0,0
BRDA:265,11,1,0
BRDA:267,12,0,0
BRDA:267,12,1,0
BRDA:269,13,0,0
BRF:22
BRH:0
end_of_record
TN:
SF:src\scripts\backfillCardImages.ts
FN:4,main
FN:16,(anonymous_9)
FNF:2
FNH:0
FNDA:0,main
FNDA:0,(anonymous_9)
DA:1,0
DA:2,0
DA:5,0
DA:6,0
DA:7,0
DA:9,0
DA:11,0
DA:12,0
DA:13,0
DA:16,0
DA:17,0
DA:18,0
LF:12
LH:0
BRF:0
BRH:0
end_of_record
TN:
SF:src\scripts\debugDatabase.ts
FN:5,(anonymous_7)
FN:5,(anonymous_8)
FN:10,(anonymous_9)
FN:17,(anonymous_10)
FN:23,(anonymous_11)
FN:24,(anonymous_12)
FN:34,(anonymous_13)
FN:42,(anonymous_14)
FN:43,(anonymous_15)
FN:53,(anonymous_16)
FN:61,(anonymous_17)
FN:62,(anonymous_18)
FN:63,(anonymous_19)
FN:64,(anonymous_20)
FN:79,(anonymous_21)
FN:80,(anonymous_22)
FNF:16
FNH:0
FNDA:0,(anonymous_7)
FNDA:0,(anonymous_8)
FNDA:0,(anonymous_9)
FNDA:0,(anonymous_10)
FNDA:0,(anonymous_11)
FNDA:0,(anonymous_12)
FNDA:0,(anonymous_13)
FNDA:0,(anonymous_14)
FNDA:0,(anonymous_15)
FNDA:0,(anonymous_16)
FNDA:0,(anonymous_17)
FNDA:0,(anonymous_18)
FNDA:0,(anonymous_19)
FNDA:0,(anonymous_20)
FNDA:0,(anonymous_21)
FNDA:0,(anonymous_22)
DA:1,0
DA:2,0
DA:3,0
DA:5,0
DA:6,0
DA:7,0
DA:8,0
DA:10,0
DA:12,0
DA:14,0
DA:15,0
DA:17,0
DA:19,0
DA:22,0
DA:23,0
DA:24,0
DA:25,0
DA:26,0
DA:27,0
DA:29,0
DA:34,0
DA:35,0
DA:38,0
DA:41,0
DA:42,0
DA:43,0
DA:44,0
DA:45,0
DA:46,0
DA:48,0
DA:53,0
DA:54,0
DA:55,0
DA:58,0
DA:61,0
DA:62,0
DA:63,0
DA:64,0
DA:66,0
DA:67,0
DA:69,0
DA:70,0
DA:71,0
DA:72,0
DA:73,0
DA:76,0
DA:79,0
DA:80,0
DA:81,0
DA:82,0
DA:83,0
DA:85,0
DA:90,0
DA:92,0
DA:94,0
DA:95,0
LF:56
LH:0
BRDA:25,0,0,0
BRDA:25,0,1,0
BRDA:29,1,0,0
BRDA:29,1,1,0
BRDA:44,2,0,0
BRDA:44,2,1,0
BRDA:48,3,0,0
BRDA:48,3,1,0
BRDA:54,4,0,0
BRDA:54,4,1,0
BRDA:55,5,0,0
BRDA:55,5,1,0
BRDA:66,6,0,0
BRDA:66,6,1,0
BRDA:66,7,0,0
BRDA:66,7,1,0
BRDA:66,7,2,0
BRDA:66,7,3,0
BRDA:70,8,0,0
BRDA:71,9,0,0
BRDA:72,10,0,0
BRDA:73,11,0,0
BRDA:81,12,0,0
BRDA:81,12,1,0
BRF:24
BRH:0
end_of_record
TN:
SF:src\scripts\imageStats.ts
FN:6,(anonymous_7)
FN:6,(anonymous_8)
FN:13,(anonymous_9)
FN:21,(anonymous_10)
FNF:4
FNH:0
FNDA:0,(anonymous_7)
FNDA:0,(anonymous_8)
FNDA:0,(anonymous_9)
FNDA:0,(anonymous_10)
DA:1,0
DA:2,0
DA:3,0
DA:4,0
DA:6,0
DA:7,0
DA:9,0
DA:10,0
DA:13,0
DA:15,0
DA:17,0
DA:18,0
DA:21,0
DA:23,0
DA:26,0
DA:28,0
DA:29,0
DA:30,0
DA:31,0
DA:33,0
DA:35,0
DA:36,0
LF:22
LH:0
BRF:0
BRH:0
end_of_record
TN:
SF:src\scripts\sampleCards.ts
FN:5,(anonymous_7)
FN:5,(anonymous_8)
FN:10,(anonymous_9)
FN:17,(anonymous_10)
FN:24,(anonymous_11)
FN:51,(anonymous_12)
FN:61,(anonymous_13)
FN:70,(anonymous_14)
FN:83,(anonymous_15)
FN:93,(anonymous_16)
FNF:10
FNH:0
FNDA:0,(anonymous_7)
FNDA:0,(anonymous_8)
FNDA:0,(anonymous_9)
FNDA:0,(anonymous_10)
FNDA:0,(anonymous_11)
FNDA:0,(anonymous_12)
FNDA:0,(anonymous_13)
FNDA:0,(anonymous_14)
FNDA:0,(anonymous_15)
FNDA:0,(anonymous_16)
DA:1,0
DA:2,0
DA:3,0
DA:5,0
DA:6,0
DA:7,0
DA:8,0
DA:10,0
DA:12,0
DA:14,0
DA:15,0
DA:17,0
DA:19,0
DA:22,0
DA:24,0
DA:25,0
DA:51,0
DA:52,0
DA:53,0
DA:54,0
DA:56,0
DA:61,0
DA:62,0
DA:63,0
DA:64,0
DA:68,0
DA:70,0
DA:71,0
DA:83,0
DA:84,0
DA:85,0
DA:86,0
DA:88,0
DA:93,0
DA:94,0
DA:97,0
DA:99,0
DA:100,0
LF:38
LH:0
BRDA:52,0,0,0
BRDA:52,0,1,0
BRDA:56,1,0,0
BRDA:56,1,1,0
BRDA:64,2,0,0
BRDA:64,2,1,0
BRDA:84,3,0,0
BRDA:84,3,1,0
BRDA:88,4,0,0
BRDA:88,4,1,0
BRF:10
BRH:0
end_of_record
TN:
SF:src\services\alertService.ts
FN:19,(anonymous_7)
FN:24,(anonymous_8)
FN:53,(anonymous_9)
FN:60,(anonymous_11)
FN:65,(anonymous_12)
FN:84,(anonymous_13)
FN:85,(anonymous_15)
FN:89,(anonymous_16)
FN:97,(anonymous_17)
FN:98,(anonymous_19)
FN:102,(anonymous_20)
FN:110,(anonymous_21)
FN:111,(anonymous_23)
FN:115,(anonymous_24)
FN:123,(anonymous_25)
FN:124,(anonymous_27)
FN:128,(anonymous_28)
FN:136,(anonymous_29)
FN:137,(anonymous_31)
FN:141,(anonymous_32)
FN:149,(anonymous_33)
FN:150,(anonymous_35)
FN:158,(anonymous_36)
FN:162,(anonymous_37)
FN:164,(anonymous_38)
FN:172,(anonymous_39)
FNF:26
FNH:0
FNDA:0,(anonymous_7)
FNDA:0,(anonymous_8)
FNDA:0,(anonymous_9)
FNDA:0,(anonymous_11)
FNDA:0,(anonymous_12)
FNDA:0,(anonymous_13)
FNDA:0,(anonymous_15)
FNDA:0,(anonymous_16)
FNDA:0,(anonymous_17)
FNDA:0,(anonymous_19)
FNDA:0,(anonymous_20)
FNDA:0,(anonymous_21)
FNDA:0,(anonymous_23)
FNDA:0,(anonymous_24)
FNDA:0,(anonymous_25)
FNDA:0,(anonymous_27)
FNDA:0,(anonymous_28)
FNDA:0,(anonymous_29)
FNDA:0,(anonymous_31)
FNDA:0,(anonymous_32)
FNDA:0,(anonymous_33)
FNDA:0,(anonymous_35)
FNDA:0,(anonymous_36)
FNDA:0,(anonymous_37)
FNDA:0,(anonymous_38)
FNDA:0,(anonymous_39)
DA:2,0
DA:16,0
DA:20,0
DA:21,0
DA:25,0
DA:40,0
DA:44,0
DA:48,0
DA:60,0
DA:61,0
DA:66,0
DA:68,0
DA:69,0
DA:85,0
DA:86,0
DA:90,0
DA:91,0
DA:98,0
DA:99,0
DA:103,0
DA:104,0
DA:111,0
DA:112,0
DA:116,0
DA:117,0
DA:124,0
DA:125,0
DA:129,0
DA:130,0
DA:137,0
DA:138,0
DA:142,0
DA:143,0
DA:150,0
DA:151,0
DA:159,0
DA:162,0
DA:163,0
DA:165,0
DA:173,0
DA:177,0
LF:41
LH:0
BRDA:66,0,0,0
BRDA:90,1,0,0
BRDA:91,2,0,0
BRDA:91,2,1,0
BRDA:103,3,0,0
BRDA:104,4,0,0
BRDA:104,4,1,0
BRDA:116,5,0,0
BRDA:127,6,0,0
BRDA:127,6,1,0
BRDA:129,7,0,0
BRDA:142,8,0,0
BRDA:159,9,0,0
BRDA:177,10,0,0
BRDA:177,10,1,0
BRF:15
BRH:0
end_of_record
TN:
SF:src\services\authService.ts
FN:18,(anonymous_9)
FN:23,(anonymous_10)
FN:44,(anonymous_11)
FN:48,(anonymous_13)
FN:50,(anonymous_14)
FN:57,(anonymous_15)
FN:84,(anonymous_16)
FN:88,(anonymous_18)
FN:92,(anonymous_19)
FN:97,(anonymous_20)
FN:120,(anonymous_21)
FN:121,(anonymous_23)
FN:125,(anonymous_24)
FN:133,(anonymous_25)
FN:137,(anonymous_27)
FN:155,(anonymous_28)
FN:164,(anonymous_29)
FN:173,(anonymous_30)
FN:174,(anonymous_32)
FN:178,(anonymous_33)
FN:182,(anonymous_34)
FN:186,(anonymous_35)
FN:192,(anonymous_36)
FNF:23
FNH:0
FNDA:0,(anonymous_9)
FNDA:0,(anonymous_10)
FNDA:0,(anonymous_11)
FNDA:0,(anonymous_13)
FNDA:0,(anonymous_14)
FNDA:0,(anonymous_15)
FNDA:0,(anonymous_16)
FNDA:0,(anonymous_18)
FNDA:0,(anonymous_19)
FNDA:0,(anonymous_20)
FNDA:0,(anonymous_21)
FNDA:0,(anonymous_23)
FNDA:0,(anonymous_24)
FNDA:0,(anonymous_25)
FNDA:0,(anonymous_27)
FNDA:0,(anonymous_28)
FNDA:0,(anonymous_29)
FNDA:0,(anonymous_30)
FNDA:0,(anonymous_32)
FNDA:0,(anonymous_33)
FNDA:0,(anonymous_34)
FNDA:0,(anonymous_35)
FNDA:0,(anonymous_36)
DA:1,0
DA:2,0
DA:4,0
DA:15,0
DA:19,0
DA:20,0
DA:24,0
DA:35,0
DA:39,0
DA:48,0
DA:50,0
DA:51,0
DA:54,0
DA:58,0
DA:59,0
DA:60,0
DA:62,0
DA:65,0
DA:68,0
DA:74,0
DA:88,0
DA:89,0
DA:93,0
DA:94,0
DA:97,0
DA:98,0
DA:99,0
DA:102,0
DA:108,0
DA:110,0
DA:121,0
DA:122,0
DA:126,0
DA:127,0
DA:137,0
DA:138,0
DA:139,0
DA:141,0
DA:142,0
DA:143,0
DA:145,0
DA:146,0
DA:147,0
DA:150,0
DA:151,0
DA:153,0
DA:155,0
DA:156,0
DA:157,0
DA:158,0
DA:160,0
DA:163,0
DA:165,0
DA:166,0
DA:174,0
DA:175,0
DA:179,0
DA:180,0
DA:182,0
DA:183,0
DA:184,0
DA:186,0
DA:187,0
DA:189,0
DA:193,0
DA:194,0
LF:66
LH:0
BRDA:51,0,0,0
BRDA:58,1,0,0
BRDA:59,2,0,0
BRDA:93,3,0,0
BRDA:94,4,0,0
BRDA:98,5,0,0
BRDA:99,6,0,0
BRDA:126,7,0,0
BRDA:127,8,0,0
BRDA:127,8,1,0
BRDA:141,9,0,0
BRDA:145,10,0,0
BRDA:156,11,0,0
BRDA:157,12,0,0
BRDA:165,13,0,0
BRDA:179,14,0,0
BRDA:180,15,0,0
BRDA:183,16,0,0
BRDA:184,17,0,0
BRDA:187,18,0,0
BRDA:193,19,0,0
BRF:21
BRH:0
end_of_record
TN:
SF:src\services\backtestEngine.ts
FN:56,fetchPriceHistoryUpToDate
FN:58,(anonymous_8)
FN:65,(anonymous_9)
FN:67,(anonymous_10)
FN:78,fetchFuturePrice
FN:80,(anonymous_12)
FN:91,(anonymous_13)
FN:102,runBacktest
FN:103,(anonymous_15)
FN:109,(anonymous_16)
FN:115,(anonymous_17)
FN:121,(anonymous_18)
FN:203,(anonymous_19)
FN:204,(anonymous_20)
FN:207,(anonymous_21)
FN:210,(anonymous_22)
FN:212,(anonymous_23)
FN:215,(anonymous_24)
FN:216,(anonymous_25)
FN:221,(anonymous_26)
FN:223,(anonymous_27)
FN:227,(anonymous_28)
FN:228,(anonymous_29)
FN:230,(anonymous_30)
FN:232,(anonymous_31)
FN:232,(anonymous_32)
FN:256,saveBacktestResult
FN:258,(anonymous_35)
FN:277,(anonymous_36)
FN:285,getBacktestResults
FN:287,(anonymous_39)
FN:291,(anonymous_40)
FN:293,(anonymous_41)
FN:295,(anonymous_42)
FNF:34
FNH:0
FNDA:0,fetchPriceHistoryUpToDate
FNDA:0,(anonymous_8)
FNDA:0,(anonymous_9)
FNDA:0,(anonymous_10)
FNDA:0,fetchFuturePrice
FNDA:0,(anonymous_12)
FNDA:0,(anonymous_13)
FNDA:0,runBacktest
FNDA:0,(anonymous_15)
FNDA:0,(anonymous_16)
FNDA:0,(anonymous_17)
FNDA:0,(anonymous_18)
FNDA:0,(anonymous_19)
FNDA:0,(anonymous_20)
FNDA:0,(anonymous_21)
FNDA:0,(anonymous_22)
FNDA:0,(anonymous_23)
FNDA:0,(anonymous_24)
FNDA:0,(anonymous_25)
FNDA:0,(anonymous_26)
FNDA:0,(anonymous_27)
FNDA:0,(anonymous_28)
FNDA:0,(anonymous_29)
FNDA:0,(anonymous_30)
FNDA:0,(anonymous_31)
FNDA:0,(anonymous_32)
FNDA:0,saveBacktestResult
FNDA:0,(anonymous_35)
FNDA:0,(anonymous_36)
FNDA:0,getBacktestResults
FNDA:0,(anonymous_39)
FNDA:0,(anonymous_40)
FNDA:0,(anonymous_41)
FNDA:0,(anonymous_42)
DA:1,0
DA:2,0
DA:3,0
DA:12,0
DA:57,0
DA:58,0
DA:59,0
DA:66,0
DA:67,0
DA:79,0
DA:80,0
DA:81,0
DA:82,0
DA:83,0
DA:85,0
DA:92,0
DA:93,0
DA:95,0
DA:96,0
DA:102,0
DA:103,0
DA:107,0
DA:109,0
DA:110,0
DA:112,0
DA:114,0
DA:115,0
DA:116,0
DA:119,0
DA:121,0
DA:122,0
DA:123,0
DA:127,0
DA:128,0
DA:129,0
DA:130,0
DA:131,0
DA:133,0
DA:134,0
DA:135,0
DA:136,0
DA:138,0
DA:139,0
DA:141,0
DA:142,0
DA:144,0
DA:145,0
DA:146,0
DA:147,0
DA:149,0
DA:150,0
DA:151,0
DA:152,0
DA:154,0
DA:159,0
DA:161,0
DA:162,0
DA:163,0
DA:164,0
DA:166,0
DA:167,0
DA:169,0
DA:170,0
DA:171,0
DA:172,0
DA:173,0
DA:174,0
DA:177,0
DA:178,0
DA:179,0
DA:182,0
DA:184,0
DA:194,0
DA:198,0
DA:199,0
DA:200,0
DA:202,0
DA:203,0
DA:204,0
DA:206,0
DA:207,0
DA:210,0
DA:211,0
DA:212,0
DA:215,0
DA:216,0
DA:217,0
DA:221,0
DA:222,0
DA:223,0
DA:226,0
DA:227,0
DA:228,0
DA:229,0
DA:230,0
DA:231,0
DA:232,0
DA:234,0
DA:237,0
DA:251,0
DA:253,0
DA:257,0
DA:258,0
DA:259,0
DA:278,0
DA:279,0
DA:285,0
DA:286,0
DA:287,0
DA:288,0
DA:292,0
DA:293,0
DA:296,0
DA:297,0
DA:299,0
LF:115
LH:0
BRDA:66,0,0,0
BRDA:69,1,0,0
BRDA:69,1,1,0
BRDA:69,2,0,0
BRDA:69,2,1,0
BRDA:70,3,0,0
BRDA:70,3,1,0
BRDA:70,4,0,0
BRDA:70,4,1,0
BRDA:92,5,0,0
BRDA:93,6,0,0
BRDA:93,7,0,0
BRDA:93,7,1,0
BRDA:96,8,0,0
BRDA:96,8,1,0
BRDA:96,9,0,0
BRDA:96,9,1,0
BRDA:104,10,0,0
BRDA:114,11,0,0
BRDA:114,12,0,0
BRDA:114,12,1,0
BRDA:122,13,0,0
BRDA:123,14,0,0
BRDA:123,14,1,0
BRDA:136,15,0,0
BRDA:139,16,0,0
BRDA:142,17,0,0
BRDA:142,18,0,0
BRDA:142,18,1,0
BRDA:166,19,0,0
BRDA:166,20,0,0
BRDA:166,20,1,0
BRDA:169,21,0,0
BRDA:169,22,0,0
BRDA:169,22,1,0
BRDA:173,23,0,0
BRDA:199,24,0,0
BRDA:199,24,1,0
BRDA:200,25,0,0
BRDA:200,25,1,0
BRDA:206,26,0,0
BRDA:206,26,1,0
BRDA:207,27,0,0
BRDA:207,27,1,0
BRDA:207,28,0,0
BRDA:207,28,1,0
BRDA:211,29,0,0
BRDA:211,29,1,0
BRDA:212,30,0,0
BRDA:212,30,1,0
BRDA:212,31,0,0
BRDA:212,31,1,0
BRDA:216,32,0,0
BRDA:216,32,1,0
BRDA:217,33,0,0
BRDA:217,33,1,0
BRDA:221,34,0,0
BRDA:221,34,1,0
BRDA:222,35,0,0
BRDA:222,35,1,0
BRDA:223,36,0,0
BRDA:223,36,1,0
BRDA:223,37,0,0
BRDA:223,37,1,0
BRDA:228,38,0,0
BRDA:228,38,1,0
BRDA:230,39,0,0
BRDA:230,39,1,0
BRDA:230,40,0,0
BRDA:230,40,1,0
BRDA:230,41,0,0
BRDA:230,41,1,0
BRDA:231,42,0,0
BRDA:231,42,1,0
BRDA:278,43,0,0
BRDA:278,43,1,0
BRDA:292,44,0,0
BRDA:297,45,0,0
BRDA:297,45,1,0
BRF:79
BRH:0
end_of_record
TN:
SF:src\services\cardCache.ts
FN:47,(anonymous_0)
FN:63,(anonymous_1)
FN:76,(anonymous_2)
FN:81,(anonymous_3)
FN:83,(anonymous_4)
FN:89,(anonymous_5)
FN:100,(anonymous_6)
FN:115,(anonymous_7)
FN:132,(anonymous_8)
FN:142,(anonymous_9)
FNF:10
FNH:0
FNDA:0,(anonymous_0)
FNDA:0,(anonymous_1)
FNDA:0,(anonymous_2)
FNDA:0,(anonymous_3)
FNDA:0,(anonymous_4)
FNDA:0,(anonymous_5)
FNDA:0,(anonymous_6)
FNDA:0,(anonymous_7)
FNDA:0,(anonymous_8)
FNDA:0,(anonymous_9)
DA:2,0
DA:36,0
DA:37,0
DA:39,0
DA:40,0
DA:41,0
DA:43,0
DA:44,0
DA:47,0
DA:52,0
DA:53,0
DA:55,0
DA:56,0
DA:57,0
DA:58,0
DA:62,0
DA:63,0
DA:64,0
DA:65,0
DA:66,0
DA:68,0
DA:69,0
DA:70,0
DA:76,0
DA:77,0
DA:78,0
DA:81,0
DA:82,0
DA:83,0
DA:84,0
DA:90,0
DA:91,0
DA:93,0
DA:100,0
DA:114,0
DA:115,0
DA:116,0
DA:133,0
DA:134,0
DA:136,0
DA:142,0
DA:143,0
LF:42
LH:0
BRDA:52,0,0,0
BRDA:56,1,0,0
BRDA:56,1,1,0
BRDA:56,2,0,0
BRDA:56,2,1,0
BRDA:56,3,0,0
BRDA:56,3,1,0
BRDA:56,4,0,0
BRDA:56,4,1,0
BRDA:57,5,0,0
BRDA:62,6,0,0
BRDA:64,7,0,0
BRDA:64,7,1,0
BRDA:64,8,0,0
BRDA:64,8,1,0
BRDA:64,9,0,0
BRDA:64,9,1,0
BRDA:64,10,0,0
BRDA:64,10,1,0
BRDA:65,11,0,0
BRDA:65,11,1,0
BRDA:65,12,0,0
BRDA:65,12,1,0
BRDA:65,13,0,0
BRDA:65,13,1,0
BRDA:65,14,0,0
BRDA:65,14,1,0
BRDA:69,15,0,0
BRDA:69,15,1,0
BRDA:90,16,0,0
BRDA:90,16,1,0
BRDA:93,17,0,0
BRDA:93,17,1,0
BRDA:123,18,0,0
BRDA:123,18,1,0
BRDA:125,19,0,0
BRDA:125,19,1,0
BRDA:133,20,0,0
BRDA:143,21,0,0
BRDA:143,21,1,0
BRF:40
BRH:0
end_of_record
TN:
SF:src\services\cardDatabase.ts
FN:5,(anonymous_7)
FN:5,(anonymous_8)
FN:48,(anonymous_9)
FN:49,(anonymous_10)
FN:58,(anonymous_11)
FN:58,(anonymous_12)
FN:59,(anonymous_13)
FN:62,(anonymous_14)
FN:62,(anonymous_15)
FNF:9
FNH:0
FNDA:0,(anonymous_7)
FNDA:0,(anonymous_8)
FNDA:0,(anonymous_9)
FNDA:0,(anonymous_10)
FNDA:0,(anonymous_11)
FNDA:0,(anonymous_12)
FNDA:0,(anonymous_13)
FNDA:0,(anonymous_14)
FNDA:0,(anonymous_15)
DA:2,0
DA:3,0
DA:5,0
DA:6,0
DA:7,0
DA:8,0
DA:9,0
DA:11,0
DA:12,0
DA:13,0
DA:16,0
DA:18,0
DA:46,0
DA:48,0
DA:49,0
DA:50,0
DA:51,0
DA:53,0
DA:58,0
DA:59,0
DA:60,0
DA:62,0
DA:69,0
DA:71,0
DA:73,0
DA:77,0
DA:80,0
DA:81,0
DA:82,0
DA:83,0
DA:85,0
DA:86,0
DA:90,0
DA:94,0
LF:34
LH:0
BRDA:5,0,0,0
BRDA:11,1,0,0
BRDA:50,2,0,0
BRDA:53,3,0,0
BRDA:53,3,1,0
BRDA:60,4,0,0
BRDA:60,4,1,0
BRDA:60,5,0,0
BRDA:60,5,1,0
BRDA:71,6,0,0
BRDA:71,6,1,0
BRDA:71,7,0,0
BRDA:71,7,1,0
BRDA:77,8,0,0
BRDA:77,8,1,0
BRDA:81,9,0,0
BRDA:81,9,1,0
BRDA:95,10,0,0
BRDA:95,10,1,0
BRDA:95,11,0,0
BRDA:95,11,1,0
BRDA:107,12,0,0
BRDA:107,12,1,0
BRDA:113,13,0,0
BRDA:113,13,1,0
BRF:25
BRH:0
end_of_record
TN:
SF:src\services\cardIdentifier.ts
FN:20,(anonymous_7)
FN:37,(anonymous_8)
FN:37,(anonymous_9)
FN:46,(anonymous_10)
FN:64,(anonymous_11)
FN:77,(anonymous_12)
FN:77,(anonymous_13)
FN:80,(anonymous_14)
FN:83,(anonymous_15)
FN:109,(anonymous_16)
FN:111,(anonymous_17)
FN:112,(anonymous_18)
FN:119,(anonymous_19)
FN:121,(anonymous_20)
FN:122,(anonymous_21)
FN:129,(anonymous_22)
FN:136,(anonymous_23)
FN:162,(anonymous_24)
FN:181,(anonymous_25)
FN:205,(anonymous_26)
FN:220,(anonymous_27)
FN:232,(anonymous_28)
FN:239,(anonymous_29)
FN:250,(anonymous_30)
FN:281,(anonymous_31)
FN:295,(anonymous_32)
FN:295,(anonymous_33)
FN:298,(anonymous_34)
FN:306,(anonymous_35)
FN:316,(anonymous_36)
FN:323,(anonymous_37)
FN:330,(anonymous_38)
FN:351,(anonymous_39)
FN:352,(anonymous_40)
FN:368,(anonymous_41)
FN:369,(anonymous_42)
FN:372,(anonymous_43)
FN:375,(anonymous_44)
FN:378,(anonymous_45)
FN:381,(anonymous_46)
FN:389,(anonymous_47)
FN:402,(anonymous_48)
FN:405,(anonymous_49)
FN:408,(anonymous_50)
FN:411,(anonymous_51)
FNF:45
FNH:0
FNDA:0,(anonymous_7)
FNDA:0,(anonymous_8)
FNDA:0,(anonymous_9)
FNDA:0,(anonymous_10)
FNDA:0,(anonymous_11)
FNDA:0,(anonymous_12)
FNDA:0,(anonymous_13)
FNDA:0,(anonymous_14)
FNDA:0,(anonymous_15)
FNDA:0,(anonymous_16)
FNDA:0,(anonymous_17)
FNDA:0,(anonymous_18)
FNDA:0,(anonymous_19)
FNDA:0,(anonymous_20)
FNDA:0,(anonymous_21)
FNDA:0,(anonymous_22)
FNDA:0,(anonymous_23)
FNDA:0,(anonymous_24)
FNDA:0,(anonymous_25)
FNDA:0,(anonymous_26)
FNDA:0,(anonymous_27)
FNDA:0,(anonymous_28)
FNDA:0,(anonymous_29)
FNDA:0,(anonymous_30)
FNDA:0,(anonymous_31)
FNDA:0,(anonymous_32)
FNDA:0,(anonymous_33)
FNDA:0,(anonymous_34)
FNDA:0,(anonymous_35)
FNDA:0,(anonymous_36)
FNDA:0,(anonymous_37)
FNDA:0,(anonymous_38)
FNDA:0,(anonymous_39)
FNDA:0,(anonymous_40)
FNDA:0,(anonymous_41)
FNDA:0,(anonymous_42)
FNDA:0,(anonymous_43)
FNDA:0,(anonymous_44)
FNDA:0,(anonymous_45)
FNDA:0,(anonymous_46)
FNDA:0,(anonymous_47)
FNDA:0,(anonymous_48)
FNDA:0,(anonymous_49)
FNDA:0,(anonymous_50)
FNDA:0,(anonymous_51)
DA:1,0
DA:20,0
DA:26,0
DA:27,0
DA:28,0
DA:29,0
DA:31,0
DA:37,0
DA:38,0
DA:39,0
DA:46,0
DA:47,0
DA:53,0
DA:65,0
DA:66,0
DA:68,0
DA:77,0
DA:78,0
DA:80,0
DA:81,0
DA:83,0
DA:84,0
DA:85,0
DA:86,0
DA:87,0
DA:100,0
DA:109,0
DA:110,0
DA:111,0
DA:112,0
DA:113,0
DA:114,0
DA:119,0
DA:120,0
DA:121,0
DA:122,0
DA:123,0
DA:124,0
DA:129,0
DA:136,0
DA:137,0
DA:140,0
DA:141,0
DA:146,0
DA:147,0
DA:148,0
DA:158,0
DA:162,0
DA:163,0
DA:164,0
DA:165,0
DA:166,0
DA:167,0
DA:168,0
DA:170,0
DA:171,0
DA:173,0
DA:174,0
DA:175,0
DA:176,0
DA:178,0
DA:181,0
DA:182,0
DA:183,0
DA:184,0
DA:186,0
DA:190,0
DA:191,0
DA:195,0
DA:198,0
DA:206,0
DA:207,0
DA:208,0
DA:209,0
DA:210,0
DA:213,0
DA:216,0
DA:221,0
DA:222,0
DA:223,0
DA:224,0
DA:227,0
DA:229,0
DA:232,0
DA:239,0
DA:240,0
DA:241,0
DA:244,0
DA:245,0
DA:246,0
DA:250,0
DA:251,0
DA:268,0
DA:282,0
DA:283,0
DA:285,0
DA:295,0
DA:296,0
DA:298,0
DA:299,0
DA:306,0
DA:307,0
DA:308,0
DA:310,0
DA:316,0
DA:317,0
DA:318,0
DA:319,0
DA:323,0
DA:327,0
DA:329,0
DA:330,0
DA:331,0
DA:332,0
DA:333,0
DA:334,0
DA:335,0
DA:338,0
DA:339,0
DA:340,0
DA:341,0
DA:342,0
DA:343,0
DA:344,0
DA:345,0
DA:346,0
DA:350,0
DA:351,0
DA:352,0
DA:355,0
DA:356,0
DA:357,0
DA:358,0
DA:359,0
DA:360,0
DA:361,0
DA:362,0
DA:363,0
DA:364,0
DA:367,0
DA:368,0
DA:369,0
DA:372,0
DA:375,0
DA:378,0
DA:379,0
DA:381,0
DA:382,0
DA:389,0
DA:390,0
DA:391,0
DA:393,0
DA:402,0
DA:405,0
DA:406,0
DA:408,0
DA:409,0
DA:411,0
DA:412,0
DA:413,0
DA:415,0
LF:161
LH:0
BRDA:24,0,0,0
BRDA:28,1,0,0
BRDA:28,1,1,0
BRDA:29,2,0,0
BRDA:29,2,1,0
BRDA:43,3,0,0
BRDA:43,3,1,0
BRDA:55,4,0,0
BRDA:55,4,1,0
BRDA:59,5,0,0
BRDA:59,5,1,0
BRDA:60,6,0,0
BRDA:60,6,1,0
BRDA:61,7,0,0
BRDA:61,7,1,0
BRDA:62,8,0,0
BRDA:62,8,1,0
BRDA:65,9,0,0
BRDA:65,9,1,0
BRDA:84,10,0,0
BRDA:84,10,1,0
BRDA:86,11,0,0
BRDA:86,11,1,0
BRDA:95,12,0,0
BRDA:95,12,1,0
BRDA:109,13,0,0
BRDA:113,14,0,0
BRDA:113,14,1,0
BRDA:119,15,0,0
BRDA:123,16,0,0
BRDA:123,16,1,0
BRDA:124,17,0,0
BRDA:124,17,1,0
BRDA:137,18,0,0
BRDA:137,18,1,0
BRDA:140,19,0,0
BRDA:140,19,1,0
BRDA:141,20,0,0
BRDA:141,20,1,0
BRDA:146,21,0,0
BRDA:158,22,0,0
BRDA:167,23,0,0
BRDA:167,23,1,0
BRDA:173,24,0,0
BRDA:182,25,0,0
BRDA:195,26,0,0
BRDA:202,27,0,0
BRDA:202,27,1,0
BRDA:203,28,0,0
BRDA:203,28,1,0
BRDA:207,29,0,0
BRDA:208,30,0,0
BRDA:209,31,0,0
BRDA:213,32,0,0
BRDA:218,33,0,0
BRDA:218,33,1,0
BRDA:222,34,0,0
BRDA:223,35,0,0
BRDA:227,36,0,0
BRDA:241,37,0,0
BRDA:241,37,1,0
BRDA:241,38,0,0
BRDA:241,38,1,0
BRDA:246,39,0,0
BRDA:246,39,1,0
BRDA:271,40,0,0
BRDA:271,40,1,0
BRDA:272,41,0,0
BRDA:272,41,1,0
BRDA:273,42,0,0
BRDA:273,42,1,0
BRDA:274,43,0,0
BRDA:274,43,1,0
BRDA:282,44,0,0
BRDA:282,44,1,0
BRDA:285,45,0,0
BRDA:285,45,1,0
BRDA:307,46,0,0
BRDA:307,46,1,0
BRDA:310,47,0,0
BRDA:310,47,1,0
BRDA:317,48,0,0
BRDA:319,49,0,0
BRDA:319,49,1,0
BRDA:327,50,0,0
BRDA:332,51,0,0
BRDA:333,52,0,0
BRDA:333,53,0,0
BRDA:333,53,1,0
BRDA:334,54,0,0
BRDA:334,55,0,0
BRDA:334,55,1,0
BRDA:334,55,2,0
BRDA:340,56,0,0
BRDA:340,56,1,0
BRDA:340,57,0,0
BRDA:340,57,1,0
BRDA:340,58,0,0
BRDA:340,58,1,0
BRDA:340,59,0,0
BRDA:340,59,1,0
BRDA:341,60,0,0
BRDA:342,61,0,0
BRDA:342,61,1,0
BRDA:345,62,0,0
BRDA:345,63,0,0
BRDA:345,63,1,0
BRDA:355,64,0,0
BRDA:355,65,0,0
BRDA:355,65,1,0
BRDA:358,66,0,0
BRDA:358,66,1,0
BRDA:358,67,0,0
BRDA:358,67,1,0
BRDA:358,68,0,0
BRDA:358,68,1,0
BRDA:358,69,0,0
BRDA:358,69,1,0
BRDA:359,70,0,0
BRDA:360,71,0,0
BRDA:360,71,1,0
BRDA:363,72,0,0
BRDA:363,73,0,0
BRDA:363,73,1,0
BRDA:390,74,0,0
BRDA:390,74,1,0
BRDA:393,75,0,0
BRDA:393,75,1,0
BRDA:412,76,0,0
BRDA:412,76,1,0
BRF:130
BRH:0
end_of_record
TN:
SF:src\services\cardImageBackfillService.ts
FN:12,(anonymous_7)
FN:13,(anonymous_8)
FN:14,(anonymous_9)
FN:20,(anonymous_10)
FN:21,(anonymous_11)
FN:22,(anonymous_12)
FN:28,(anonymous_13)
FN:29,(anonymous_14)
FN:30,(anonymous_15)
FN:37,bulkBackfillFromCatalog
FN:95,bulkBackfillDirectSetMatch
FN:141,countMissingImages
FN:150,copyCatalogImagesToMapping
FN:196,backfillCardMappingImages
FN:228,getCardMappingImages
FN:251,getImageCoverageStats
FNF:16
FNH:0
FNDA:0,(anonymous_7)
FNDA:0,(anonymous_8)
FNDA:0,(anonymous_9)
FNDA:0,(anonymous_10)
FNDA:0,(anonymous_11)
FNDA:0,(anonymous_12)
FNDA:0,(anonymous_13)
FNDA:0,(anonymous_14)
FNDA:0,(anonymous_15)
FNDA:0,bulkBackfillFromCatalog
FNDA:0,bulkBackfillDirectSetMatch
FNDA:0,countMissingImages
FNDA:0,copyCatalogImagesToMapping
FNDA:0,backfillCardMappingImages
FNDA:0,getCardMappingImages
FNDA:0,getImageCoverageStats
DA:1,0
DA:2,0
DA:3,0
DA:12,0
DA:13,0
DA:14,0
DA:15,0
DA:16,0
DA:20,0
DA:21,0
DA:22,0
DA:23,0
DA:24,0
DA:28,0
DA:29,0
DA:30,0
DA:31,0
DA:32,0
DA:38,0
DA:96,0
DA:142,0
DA:146,0
DA:150,0
DA:156,0
DA:164,0
DA:165,0
DA:172,0
DA:182,0
DA:183,0
DA:190,0
DA:193,0
DA:196,0
DA:197,0
DA:198,0
DA:199,0
DA:202,0
DA:203,0
DA:204,0
DA:205,0
DA:206,0
DA:207,0
DA:208,0
DA:210,0
DA:211,0
DA:217,0
DA:224,0
DA:228,0
DA:233,0
DA:242,0
DA:244,0
DA:251,0
DA:257,0
DA:265,0
DA:266,0
DA:267,0
LF:55
LH:0
BRDA:12,0,0,0
BRDA:15,1,0,0
BRDA:15,1,1,0
BRDA:20,2,0,0
BRDA:23,3,0,0
BRDA:23,3,1,0
BRDA:28,4,0,0
BRDA:31,5,0,0
BRDA:31,5,1,0
BRDA:32,6,0,0
BRDA:32,6,1,0
BRDA:146,7,0,0
BRDA:146,7,1,0
BRDA:146,8,0,0
BRDA:146,8,1,0
BRDA:146,9,0,0
BRDA:146,9,1,0
BRDA:146,10,0,0
BRDA:146,10,1,0
BRDA:164,11,0,0
BRDA:180,12,0,0
BRDA:180,12,1,0
BRDA:180,13,0,0
BRDA:180,13,1,0
BRDA:182,14,0,0
BRDA:197,15,0,0
BRDA:242,16,0,0
BRDA:242,17,0,0
BRDA:242,17,1,0
BRDA:242,17,2,0
BRDA:245,18,0,0
BRDA:245,18,1,0
BRDA:246,19,0,0
BRDA:246,19,1,0
BRDA:247,20,0,0
BRDA:247,20,1,0
BRDA:265,21,0,0
BRDA:265,21,1,0
BRDA:265,22,0,0
BRDA:265,22,1,0
BRDA:265,23,0,0
BRDA:265,23,1,0
BRDA:265,24,0,0
BRDA:265,24,1,0
BRDA:266,25,0,0
BRDA:266,25,1,0
BRDA:266,26,0,0
BRDA:266,26,1,0
BRDA:266,27,0,0
BRDA:266,27,1,0
BRDA:266,28,0,0
BRDA:266,28,1,0
BRDA:270,29,0,0
BRDA:270,29,1,0
BRDA:270,30,0,0
BRDA:270,30,1,0
BRDA:270,31,0,0
BRDA:270,31,1,0
BRDA:270,32,0,0
BRDA:270,32,1,0
BRDA:271,33,0,0
BRDA:271,33,1,0
BRF:62
BRH:0
end_of_record
TN:
SF:src\services\cardImageUtils.ts
FN:3,(anonymous_16)
FN:9,(anonymous_17)
FN:9,(anonymous_18)
FN:18,(anonymous_19)
FN:18,(anonymous_20)
FN:26,(anonymous_21)
FN:28,(anonymous_22)
FN:29,(anonymous_23)
FN:33,(anonymous_24)
FN:42,(anonymous_25)
FN:42,(anonymous_26)
FNF:11
FNH:0
FNDA:0,(anonymous_16)
FNDA:0,(anonymous_17)
FNDA:0,(anonymous_18)
FNDA:0,(anonymous_19)
FNDA:0,(anonymous_20)
FNDA:0,(anonymous_21)
FNDA:0,(anonymous_22)
FNDA:0,(anonymous_23)
FNDA:0,(anonymous_24)
FNDA:0,(anonymous_25)
FNDA:0,(anonymous_26)
DA:1,0
DA:3,0
DA:4,0
DA:9,0
DA:10,0
DA:14,0
DA:15,0
DA:16,0
DA:18,0
DA:19,0
DA:23,0
DA:26,0
DA:27,0
DA:28,0
DA:29,0
DA:30,0
DA:31,0
DA:33,0
DA:38,0
DA:39,0
DA:42,0
DA:43,0
LF:22
LH:0
BRDA:19,0,0,0
BRDA:20,1,0,0
BRDA:20,1,1,0
BRDA:30,2,0,0
BRDA:30,2,1,0
BRDA:30,3,0,0
BRDA:30,3,1,0
BRDA:43,4,0,0
BRDA:43,4,1,0
BRF:9
BRH:0
end_of_record
TN:
SF:src\services\catalogSync.ts
FN:45,(anonymous_7)
FN:48,(anonymous_8)
FN:54,(anonymous_9)
FN:55,(anonymous_10)
FN:82,(anonymous_11)
FN:91,(anonymous_12)
FN:100,(anonymous_13)
FN:100,(anonymous_14)
FN:101,(anonymous_15)
FN:101,(anonymous_16)
FN:105,(anonymous_17)
FN:107,(anonymous_18)
FNF:12
FNH:0
FNDA:0,(anonymous_7)
FNDA:0,(anonymous_8)
FNDA:0,(anonymous_9)
FNDA:0,(anonymous_10)
FNDA:0,(anonymous_11)
FNDA:0,(anonymous_12)
FNDA:0,(anonymous_13)
FNDA:0,(anonymous_14)
FNDA:0,(anonymous_15)
FNDA:0,(anonymous_16)
FNDA:0,(anonymous_17)
FNDA:0,(anonymous_18)
DA:1,0
DA:3,0
DA:4,0
DA:11,0
DA:45,0
DA:48,0
DA:49,0
DA:50,0
DA:51,0
DA:54,0
DA:55,0
DA:56,0
DA:57,0
DA:58,0
DA:60,0
DA:61,0
DA:62,0
DA:63,0
DA:78,0
DA:81,0
DA:82,0
DA:83,0
DA:84,0
DA:85,0
DA:87,0
DA:90,0
DA:91,0
DA:97,0
DA:98,0
DA:100,0
DA:101,0
DA:103,0
DA:105,0
DA:107,0
DA:108,0
DA:109,0
DA:110,0
DA:113,0
DA:115,0
DA:116,0
DA:117,0
DA:118,0
DA:120,0
DA:122,0
DA:123,0
DA:126,0
DA:127,0
DA:129,0
DA:130,0
DA:131,0
DA:132,0
DA:136,0
DA:138,0
DA:139,0
DA:140,0
DA:142,0
DA:143,0
DA:146,0
DA:151,0
DA:154,0
DA:156,0
LF:61
LH:0
BRDA:50,0,0,0
BRDA:62,1,0,0
BRDA:62,1,1,0
BRDA:62,1,2,0
BRDA:62,2,0,0
BRDA:62,2,1,0
BRDA:62,3,0,0
BRDA:62,3,1,0
BRDA:66,4,0,0
BRDA:66,4,1,0
BRDA:66,4,2,0
BRDA:66,5,0,0
BRDA:66,5,1,0
BRDA:66,6,0,0
BRDA:66,6,1,0
BRDA:67,7,0,0
BRDA:67,7,1,0
BRDA:67,7,2,0
BRDA:67,8,0,0
BRDA:67,8,1,0
BRDA:67,9,0,0
BRDA:67,9,1,0
BRDA:69,10,0,0
BRDA:69,10,1,0
BRDA:70,11,0,0
BRDA:70,11,1,0
BRDA:71,12,0,0
BRDA:71,12,1,0
BRDA:72,13,0,0
BRDA:72,13,1,0
BRDA:73,14,0,0
BRDA:73,14,1,0
BRDA:74,15,0,0
BRDA:74,15,1,0
BRDA:75,16,0,0
BRDA:75,16,1,0
BRDA:76,17,0,0
BRDA:76,17,1,0
BRDA:83,18,0,0
BRDA:106,19,0,0
BRDA:108,20,0,0
BRDA:122,21,0,0
BRDA:122,22,0,0
BRDA:122,22,1,0
BRDA:129,23,0,0
BRDA:142,24,0,0
BRDA:146,25,0,0
BRDA:146,25,1,0
BRF:48
BRH:0
end_of_record
TN:
SF:src\services\cloudBackupService.ts
FN:15,(anonymous_8)
FN:17,(anonymous_9)
FN:20,(anonymous_10)
FN:23,(anonymous_11)
FN:29,(anonymous_12)
FN:33,(anonymous_13)
FN:52,(anonymous_14)
FN:57,(anonymous_15)
FN:57,(anonymous_16)
FN:59,(anonymous_17)
FN:67,(anonymous_18)
FN:86,(anonymous_19)
FN:86,(anonymous_20)
FN:134,(anonymous_21)
FN:134,(anonymous_22)
FN:146,(anonymous_23)
FN:154,(anonymous_24)
FNF:17
FNH:0
FNDA:0,(anonymous_8)
FNDA:0,(anonymous_9)
FNDA:0,(anonymous_10)
FNDA:0,(anonymous_11)
FNDA:0,(anonymous_12)
FNDA:0,(anonymous_13)
FNDA:0,(anonymous_14)
FNDA:0,(anonymous_15)
FNDA:0,(anonymous_16)
FNDA:0,(anonymous_17)
FNDA:0,(anonymous_18)
FNDA:0,(anonymous_19)
FNDA:0,(anonymous_20)
FNDA:0,(anonymous_21)
FNDA:0,(anonymous_22)
FNDA:0,(anonymous_23)
FNDA:0,(anonymous_24)
DA:1,0
DA:2,0
DA:3,0
DA:4,0
DA:5,0
DA:15,0
DA:17,0
DA:18,0
DA:20,0
DA:23,0
DA:24,0
DA:29,0
DA:33,0
DA:34,0
DA:35,0
DA:38,0
DA:39,0
DA:40,0
DA:51,0
DA:52,0
DA:53,0
DA:57,0
DA:58,0
DA:59,0
DA:60,0
DA:68,0
DA:69,0
DA:74,0
DA:75,0
DA:77,0
DA:86,0
DA:87,0
DA:88,0
DA:95,0
DA:96,0
DA:97,0
DA:98,0
DA:99,0
DA:100,0
DA:101,0
DA:103,0
DA:104,0
DA:106,0
DA:107,0
DA:108,0
DA:109,0
DA:111,0
DA:117,0
DA:125,0
DA:126,0
DA:134,0
DA:135,0
DA:136,0
DA:145,0
DA:146,0
DA:147,0
DA:155,0
DA:156,0
DA:161,0
LF:59
LH:0
BRDA:24,0,0,0
BRDA:24,0,1,0
BRDA:24,0,2,0
BRDA:24,0,3,0
BRDA:34,1,0,0
BRDA:34,2,0,0
BRDA:34,2,1,0
BRDA:51,3,0,0
BRDA:68,4,0,0
BRDA:68,4,1,0
BRDA:69,5,0,0
BRDA:69,5,1,0
BRDA:87,6,0,0
BRDA:135,7,0,0
BRDA:155,8,0,0
BRDA:155,8,1,0
BRDA:156,9,0,0
BRDA:156,9,1,0
BRF:18
BRH:0
end_of_record
TN:
SF:src\services\dataFetcher.ts
FN:12,(anonymous_8)
FN:18,(anonymous_9)
FN:28,(anonymous_10)
FN:28,(anonymous_11)
FN:30,(anonymous_12)
FN:35,(anonymous_13)
FN:46,(anonymous_14)
FN:50,(anonymous_15)
FN:52,(anonymous_16)
FN:70,(anonymous_17)
FN:93,(anonymous_18)
FN:93,(anonymous_19)
FN:95,(anonymous_20)
FN:96,(anonymous_21)
FN:102,(anonymous_22)
FN:119,(anonymous_23)
FN:139,(anonymous_24)
FN:161,(anonymous_25)
FN:167,(anonymous_26)
FN:167,(anonymous_27)
FN:170,(anonymous_28)
FN:181,(anonymous_29)
FN:198,(anonymous_30)
FN:220,(anonymous_31)
FN:227,(anonymous_32)
FN:248,(anonymous_33)
FN:264,(anonymous_34)
FN:272,(anonymous_35)
FN:272,(anonymous_36)
FN:290,(anonymous_37)
FN:297,(anonymous_38)
FN:314,(anonymous_39)
FN:321,(anonymous_40)
FN:334,(anonymous_41)
FN:335,(anonymous_42)
FN:385,(anonymous_43)
FN:394,(anonymous_44)
FN:402,(anonymous_45)
FN:405,(anonymous_46)
FN:460,(anonymous_47)
FN:465,(anonymous_48)
FN:465,(anonymous_49)
FN:533,(anonymous_50)
FN:534,(anonymous_51)
FN:535,(anonymous_52)
FN:536,(anonymous_53)
FN:537,(anonymous_54)
FN:539,(anonymous_55)
FN:540,(anonymous_56)
FN:586,(anonymous_57)
FN:596,(anonymous_58)
FN:608,(anonymous_59)
FN:608,(anonymous_60)
FN:682,(anonymous_61)
FNF:54
FNH:0
FNDA:0,(anonymous_8)
FNDA:0,(anonymous_9)
FNDA:0,(anonymous_10)
FNDA:0,(anonymous_11)
FNDA:0,(anonymous_12)
FNDA:0,(anonymous_13)
FNDA:0,(anonymous_14)
FNDA:0,(anonymous_15)
FNDA:0,(anonymous_16)
FNDA:0,(anonymous_17)
FNDA:0,(anonymous_18)
FNDA:0,(anonymous_19)
FNDA:0,(anonymous_20)
FNDA:0,(anonymous_21)
FNDA:0,(anonymous_22)
FNDA:0,(anonymous_23)
FNDA:0,(anonymous_24)
FNDA:0,(anonymous_25)
FNDA:0,(anonymous_26)
FNDA:0,(anonymous_27)
FNDA:0,(anonymous_28)
FNDA:0,(anonymous_29)
FNDA:0,(anonymous_30)
FNDA:0,(anonymous_31)
FNDA:0,(anonymous_32)
FNDA:0,(anonymous_33)
FNDA:0,(anonymous_34)
FNDA:0,(anonymous_35)
FNDA:0,(anonymous_36)
FNDA:0,(anonymous_37)
FNDA:0,(anonymous_38)
FNDA:0,(anonymous_39)
FNDA:0,(anonymous_40)
FNDA:0,(anonymous_41)
FNDA:0,(anonymous_42)
FNDA:0,(anonymous_43)
FNDA:0,(anonymous_44)
FNDA:0,(anonymous_45)
FNDA:0,(anonymous_46)
FNDA:0,(anonymous_47)
FNDA:0,(anonymous_48)
FNDA:0,(anonymous_49)
FNDA:0,(anonymous_50)
FNDA:0,(anonymous_51)
FNDA:0,(anonymous_52)
FNDA:0,(anonymous_53)
FNDA:0,(anonymous_54)
FNDA:0,(anonymous_55)
FNDA:0,(anonymous_56)
FNDA:0,(anonymous_57)
FNDA:0,(anonymous_58)
FNDA:0,(anonymous_59)
FNDA:0,(anonymous_60)
FNDA:0,(anonymous_61)
DA:1,0
DA:2,0
DA:3,0
DA:4,0
DA:5,0
DA:6,0
DA:9,0
DA:10,0
DA:12,0
DA:13,0
DA:14,0
DA:15,0
DA:18,0
DA:19,0
DA:25,0
DA:28,0
DA:29,0
DA:30,0
DA:31,0
DA:36,0
DA:37,0
DA:39,0
DA:46,0
DA:50,0
DA:51,0
DA:52,0
DA:53,0
DA:71,0
DA:72,0
DA:74,0
DA:93,0
DA:94,0
DA:95,0
DA:96,0
DA:97,0
DA:103,0
DA:104,0
DA:109,0
DA:110,0
DA:111,0
DA:114,0
DA:115,0
DA:116,0
DA:119,0
DA:129,0
DA:130,0
DA:133,0
DA:134,0
DA:138,0
DA:140,0
DA:141,0
DA:142,0
DA:144,0
DA:145,0
DA:148,0
DA:152,0
DA:161,0
DA:163,0
DA:167,0
DA:168,0
DA:170,0
DA:172,0
DA:181,0
DA:182,0
DA:183,0
DA:184,0
DA:188,0
DA:198,0
DA:199,0
DA:200,0
DA:201,0
DA:205,0
DA:220,0
DA:221,0
DA:222,0
DA:223,0
DA:226,0
DA:227,0
DA:228,0
DA:229,0
DA:230,0
DA:234,0
DA:240,0
DA:249,0
DA:250,0
DA:252,0
DA:262,0
DA:264,0
DA:265,0
DA:266,0
DA:269,0
DA:272,0
DA:273,0
DA:274,0
DA:290,0
DA:291,0
DA:298,0
DA:299,0
DA:301,0
DA:307,0
DA:308,0
DA:309,0
DA:312,0
DA:315,0
DA:322,0
DA:323,0
DA:325,0
DA:331,0
DA:332,0
DA:334,0
DA:335,0
DA:336,0
DA:337,0
DA:338,0
DA:339,0
DA:340,0
DA:341,0
DA:347,0
DA:348,0
DA:349,0
DA:352,0
DA:353,0
DA:359,0
DA:362,0
DA:366,0
DA:380,0
DA:384,0
DA:385,0
DA:386,0
DA:387,0
DA:388,0
DA:390,0
DA:393,0
DA:394,0
DA:399,0
DA:402,0
DA:405,0
DA:406,0
DA:407,0
DA:408,0
DA:409,0
DA:412,0
DA:428,0
DA:435,0
DA:436,0
DA:437,0
DA:459,0
DA:460,0
DA:461,0
DA:464,0
DA:465,0
DA:466,0
DA:467,0
DA:468,0
DA:469,0
DA:470,0
DA:472,0
DA:473,0
DA:474,0
DA:475,0
DA:476,0
DA:477,0
DA:479,0
DA:480,0
DA:481,0
DA:482,0
DA:483,0
DA:486,0
DA:487,0
DA:488,0
DA:499,0
DA:500,0
DA:503,0
DA:504,0
DA:507,0
DA:508,0
DA:510,0
DA:514,0
DA:526,0
DA:529,0
DA:533,0
DA:534,0
DA:535,0
DA:536,0
DA:537,0
DA:539,0
DA:540,0
DA:541,0
DA:542,0
DA:543,0
DA:544,0
DA:551,0
DA:566,0
DA:584,0
DA:585,0
DA:586,0
DA:587,0
DA:588,0
DA:589,0
DA:591,0
DA:594,0
DA:595,0
DA:596,0
DA:601,0
DA:608,0
DA:609,0
DA:610,0
DA:617,0
DA:618,0
DA:619,0
DA:621,0
DA:622,0
DA:623,0
DA:624,0
DA:625,0
DA:626,0
DA:627,0
DA:629,0
DA:630,0
DA:631,0
DA:632,0
DA:633,0
DA:634,0
DA:636,0
DA:639,0
DA:640,0
DA:641,0
DA:642,0
DA:643,0
DA:646,0
DA:647,0
DA:648,0
DA:650,0
DA:651,0
DA:653,0
DA:654,0
DA:664,0
DA:676,0
DA:679,0
DA:680,0
DA:683,0
DA:687,0
DA:695,0
LF:243
LH:0
BRDA:13,0,0,0
BRDA:15,1,0,0
BRDA:15,1,1,0
BRDA:36,2,0,0
BRDA:36,2,1,0
BRDA:64,3,0,0
BRDA:64,3,1,0
BRDA:65,4,0,0
BRDA:65,4,1,0
BRDA:66,5,0,0
BRDA:66,5,1,0
BRDA:67,6,0,0
BRDA:67,6,1,0
BRDA:71,7,0,0
BRDA:71,7,1,0
BRDA:103,8,0,0
BRDA:103,8,1,0
BRDA:104,9,0,0
BRDA:104,9,1,0
BRDA:110,10,0,0
BRDA:129,11,0,0
BRDA:140,12,0,0
BRDA:140,12,1,0
BRDA:140,13,0,0
BRDA:140,13,1,0
BRDA:140,14,0,0
BRDA:140,14,1,0
BRDA:140,15,0,0
BRDA:140,15,1,0
BRDA:140,16,0,0
BRDA:140,16,1,0
BRDA:140,17,0,0
BRDA:140,17,1,0
BRDA:141,18,0,0
BRDA:141,19,0,0
BRDA:141,19,1,0
BRDA:145,20,0,0
BRDA:145,20,1,0
BRDA:148,21,0,0
BRDA:148,21,1,0
BRDA:182,22,0,0
BRDA:199,23,0,0
BRDA:221,24,0,0
BRDA:228,25,0,0
BRDA:242,26,0,0
BRDA:242,26,1,0
BRDA:242,27,0,0
BRDA:242,27,1,0
BRDA:242,28,0,0
BRDA:242,28,1,0
BRDA:243,29,0,0
BRDA:243,29,1,0
BRDA:243,30,0,0
BRDA:243,30,1,0
BRDA:243,31,0,0
BRDA:243,31,1,0
BRDA:244,32,0,0
BRDA:244,32,1,0
BRDA:244,33,0,0
BRDA:244,33,1,0
BRDA:244,34,0,0
BRDA:244,34,1,0
BRDA:244,35,0,0
BRDA:244,35,1,0
BRDA:245,36,0,0
BRDA:245,36,1,0
BRDA:245,37,0,0
BRDA:245,37,1,0
BRDA:245,38,0,0
BRDA:245,38,1,0
BRDA:246,39,0,0
BRDA:246,39,1,0
BRDA:247,40,0,0
BRDA:247,40,1,0
BRDA:249,41,0,0
BRDA:249,41,1,0
BRDA:298,42,0,0
BRDA:298,42,1,0
BRDA:301,43,0,0
BRDA:301,43,1,0
BRDA:307,44,0,0
BRDA:312,45,0,0
BRDA:312,45,1,0
BRDA:322,46,0,0
BRDA:322,46,1,0
BRDA:325,47,0,0
BRDA:325,47,1,0
BRDA:339,48,0,0
BRDA:339,48,1,0
BRDA:347,49,0,0
BRDA:347,49,1,0
BRDA:347,50,0,0
BRDA:347,50,1,0
BRDA:347,51,0,0
BRDA:347,51,1,0
BRDA:347,52,0,0
BRDA:347,52,1,0
BRDA:347,53,0,0
BRDA:347,53,1,0
BRDA:347,54,0,0
BRDA:347,54,1,0
BRDA:348,55,0,0
BRDA:348,56,0,0
BRDA:348,56,1,0
BRDA:359,57,0,0
BRDA:359,57,1,0
BRDA:362,58,0,0
BRDA:362,58,1,0
BRDA:364,59,0,0
BRDA:364,59,1,0
BRDA:374,60,0,0
BRDA:374,60,1,0
BRDA:374,61,0,0
BRDA:374,61,1,0
BRDA:375,62,0,0
BRDA:375,62,1,0
BRDA:375,63,0,0
BRDA:375,63,1,0
BRDA:376,64,0,0
BRDA:376,64,1,0
BRDA:376,65,0,0
BRDA:376,65,1,0
BRDA:386,66,0,0
BRDA:408,67,0,0
BRDA:474,68,0,0
BRDA:474,68,1,0
BRDA:474,69,0,0
BRDA:474,69,1,0
BRDA:474,70,0,0
BRDA:474,70,1,0
BRDA:474,71,0,0
BRDA:474,71,1,0
BRDA:476,72,0,0
BRDA:479,73,0,0
BRDA:481,74,0,0
BRDA:487,75,0,0
BRDA:487,75,1,0
BRDA:491,76,0,0
BRDA:491,76,1,0
BRDA:505,77,0,0
BRDA:505,77,1,0
BRDA:505,78,0,0
BRDA:505,78,1,0
BRDA:505,79,0,0
BRDA:505,79,1,0
BRDA:505,80,0,0
BRDA:505,80,1,0
BRDA:507,81,0,0
BRDA:507,81,1,0
BRDA:510,82,0,0
BRDA:510,82,1,0
BRDA:510,83,0,0
BRDA:510,83,1,0
BRDA:559,84,0,0
BRDA:559,84,1,0
BRDA:559,85,0,0
BRDA:559,85,1,0
BRDA:560,86,0,0
BRDA:560,86,1,0
BRDA:560,87,0,0
BRDA:560,87,1,0
BRDA:562,88,0,0
BRDA:562,88,1,0
BRDA:562,89,0,0
BRDA:562,89,1,0
BRDA:572,90,0,0
BRDA:572,90,1,0
BRDA:575,91,0,0
BRDA:575,91,1,0
BRDA:578,92,0,0
BRDA:578,92,1,0
BRDA:579,93,0,0
BRDA:579,93,1,0
BRDA:580,94,0,0
BRDA:580,94,1,0
BRDA:580,95,0,0
BRDA:580,95,1,0
BRDA:587,96,0,0
BRDA:609,97,0,0
BRDA:641,98,0,0
BRDA:641,98,1,0
BRDA:653,99,0,0
BRDA:658,100,0,0
BRDA:658,100,1,0
BRDA:679,101,0,0
BRF:185
BRH:0
end_of_record
TN:
SF:src\services\enhancedPackService.ts
FN:51,(anonymous_7)
FN:71,(anonymous_8)
FN:71,(anonymous_9)
FN:92,(anonymous_10)
FN:114,(anonymous_11)
FN:117,(anonymous_13)
FN:143,(anonymous_14)
FN:143,(anonymous_15)
FN:149,(anonymous_16)
FN:149,(anonymous_17)
FN:184,(anonymous_18)
FN:187,(anonymous_19)
FN:201,(anonymous_20)
FN:222,(anonymous_21)
FN:230,(anonymous_23)
FN:263,(anonymous_24)
FN:280,(anonymous_25)
FN:299,(anonymous_26)
FN:330,(anonymous_27)
FN:337,(anonymous_29)
FN:338,(anonymous_30)
FN:351,(anonymous_31)
FN:361,(anonymous_32)
FN:367,(anonymous_33)
FNF:24
FNH:0
FNDA:0,(anonymous_7)
FNDA:0,(anonymous_8)
FNDA:0,(anonymous_9)
FNDA:0,(anonymous_10)
FNDA:0,(anonymous_11)
FNDA:0,(anonymous_13)
FNDA:0,(anonymous_14)
FNDA:0,(anonymous_15)
FNDA:0,(anonymous_16)
FNDA:0,(anonymous_17)
FNDA:0,(anonymous_18)
FNDA:0,(anonymous_19)
FNDA:0,(anonymous_20)
FNDA:0,(anonymous_21)
FNDA:0,(anonymous_23)
FNDA:0,(anonymous_24)
FNDA:0,(anonymous_25)
FNDA:0,(anonymous_26)
FNDA:0,(anonymous_27)
FNDA:0,(anonymous_29)
FNDA:0,(anonymous_30)
FNDA:0,(anonymous_31)
FNDA:0,(anonymous_32)
FNDA:0,(anonymous_33)
DA:1,0
DA:2,0
DA:3,0
DA:4,0
DA:51,0
DA:52,0
DA:71,0
DA:72,0
DA:73,0
DA:75,0
DA:76,0
DA:77,0
DA:78,0
DA:79,0
DA:82,0
DA:83,0
DA:86,0
DA:89,0
DA:92,0
DA:93,0
DA:95,0
DA:102,0
DA:103,0
DA:106,0
DA:107,0
DA:115,0
DA:117,0
DA:118,0
DA:143,0
DA:144,0
DA:145,0
DA:146,0
DA:149,0
DA:150,0
DA:154,0
DA:158,0
DA:176,0
DA:185,0
DA:187,0
DA:188,0
DA:189,0
DA:190,0
DA:192,0
DA:195,0
DA:202,0
DA:216,0
DA:226,0
DA:229,0
DA:230,0
DA:232,0
DA:233,0
DA:234,0
DA:236,0
DA:237,0
DA:238,0
DA:243,0
DA:244,0
DA:246,0
DA:247,0
DA:248,0
DA:250,0
DA:251,0
DA:252,0
DA:257,0
DA:264,0
DA:265,0
DA:267,0
DA:268,0
DA:269,0
DA:270,0
DA:274,0
DA:281,0
DA:300,0
DA:301,0
DA:304,0
DA:306,0
DA:307,0
DA:308,0
DA:310,0
DA:311,0
DA:316,0
DA:317,0
DA:318,0
DA:319,0
DA:324,0
DA:331,0
DA:333,0
DA:335,0
DA:336,0
DA:337,0
DA:338,0
DA:345,0
DA:349,0
DA:351,0
DA:352,0
DA:361,0
DA:362,0
DA:363,0
DA:364,0
DA:367,0
DA:378,0
LF:101
LH:0
BRDA:71,0,0,0
BRDA:77,1,0,0
BRDA:82,2,0,0
BRDA:92,3,0,0
BRDA:92,3,1,0
BRDA:144,4,0,0
BRDA:150,5,0,0
BRDA:150,5,1,0
BRDA:150,6,0,0
BRDA:150,6,1,0
BRDA:154,7,0,0
BRDA:154,7,1,0
BRDA:167,8,0,0
BRDA:167,8,1,0
BRDA:167,8,2,0
BRDA:168,9,0,0
BRDA:168,9,1,0
BRDA:188,10,0,0
BRDA:188,10,1,0
BRDA:189,11,0,0
BRDA:216,12,0,0
BRDA:216,12,1,0
BRDA:234,13,0,0
BRDA:234,13,1,0
BRDA:234,13,2,0
BRDA:236,14,0,0
BRDA:243,15,0,0
BRDA:248,16,0,0
BRDA:248,16,1,0
BRDA:250,17,0,0
BRDA:269,18,0,0
BRDA:300,19,0,0
BRDA:300,20,0,0
BRDA:300,20,1,0
BRDA:300,21,0,0
BRDA:300,21,1,0
BRDA:307,22,0,0
BRDA:307,23,0,0
BRDA:307,23,1,0
BRDA:307,24,0,0
BRDA:307,24,1,0
BRDA:310,25,0,0
BRDA:310,26,0,0
BRDA:310,26,1,0
BRDA:310,27,0,0
BRDA:310,27,1,0
BRDA:317,28,0,0
BRDA:317,29,0,0
BRDA:317,29,1,0
BRDA:318,30,0,0
BRDA:318,31,0,0
BRDA:318,31,1,0
BRDA:319,32,0,0
BRDA:319,33,0,0
BRDA:319,33,1,0
BRDA:335,34,0,0
BRDA:337,35,0,0
BRDA:337,35,1,0
BRDA:362,36,0,0
BRF:59
BRH:0
end_of_record
TN:
SF:src\services\externalSignalService.ts
FN:17,searchExternalSignals
FN:31,getCachedSignals
FN:33,(anonymous_10)
FN:39,(anonymous_11)
FN:43,(anonymous_12)
FN:58,getExternalSignalsForCard
FN:60,(anonymous_15)
FN:66,(anonymous_16)
FN:69,(anonymous_17)
FNF:9
FNH:0
FNDA:0,searchExternalSignals
FNDA:0,getCachedSignals
FNDA:0,(anonymous_10)
FNDA:0,(anonymous_11)
FNDA:0,(anonymous_12)
FNDA:0,getExternalSignalsForCard
FNDA:0,(anonymous_15)
FNDA:0,(anonymous_16)
FNDA:0,(anonymous_17)
DA:1,0
DA:2,0
DA:4,0
DA:17,0
DA:21,0
DA:22,0
DA:23,0
DA:24,0
DA:26,0
DA:27,0
DA:32,0
DA:33,0
DA:34,0
DA:40,0
DA:41,0
DA:42,0
DA:43,0
DA:58,0
DA:59,0
DA:60,0
DA:61,0
DA:67,0
DA:68,0
DA:69,0
LF:24
LH:0
BRDA:23,0,0,0
BRDA:40,1,0,0
BRDA:41,2,0,0
BRDA:41,3,0,0
BRDA:41,3,1,0
BRDA:50,4,0,0
BRDA:50,4,1,0
BRDA:67,5,0,0
BRDA:76,6,0,0
BRDA:76,6,1,0
BRF:10
BRH:0
end_of_record
TN:
SF:src\services\forwardTestTracker.ts
FN:23,updateActualResults
FN:26,(anonymous_9)
FN:35,(anonymous_10)
FN:97,(anonymous_11)
FN:114,(anonymous_12)
FN:130,fetchActualPrice
FN:136,(anonymous_15)
FN:144,(anonymous_16)
FN:153,getForwardTestStatus
FN:156,(anonymous_19)
FN:161,(anonymous_20)
FN:168,(anonymous_21)
FN:169,(anonymous_22)
FN:175,(anonymous_23)
FN:190,(anonymous_24)
FN:190,(anonymous_25)
FN:196,(anonymous_26)
FN:203,(anonymous_27)
FN:210,(anonymous_28)
FN:217,(anonymous_29)
FNF:20
FNH:0
FNDA:0,updateActualResults
FNDA:0,(anonymous_9)
FNDA:0,(anonymous_10)
FNDA:0,(anonymous_11)
FNDA:0,(anonymous_12)
FNDA:0,fetchActualPrice
FNDA:0,(anonymous_15)
FNDA:0,(anonymous_16)
FNDA:0,getForwardTestStatus
FNDA:0,(anonymous_19)
FNDA:0,(anonymous_20)
FNDA:0,(anonymous_21)
FNDA:0,(anonymous_22)
FNDA:0,(anonymous_23)
FNDA:0,(anonymous_24)
FNDA:0,(anonymous_25)
FNDA:0,(anonymous_26)
FNDA:0,(anonymous_27)
FNDA:0,(anonymous_28)
FNDA:0,(anonymous_29)
DA:1,0
DA:2,0
DA:4,0
DA:23,0
DA:24,0
DA:26,0
DA:27,0
DA:36,0
DA:37,0
DA:42,0
DA:44,0
DA:45,0
DA:46,0
DA:47,0
DA:48,0
DA:50,0
DA:52,0
DA:53,0
DA:54,0
DA:56,0
DA:58,0
DA:60,0
DA:62,0
DA:65,0
DA:67,0
DA:69,0
DA:72,0
DA:74,0
DA:76,0
DA:79,0
DA:80,0
DA:81,0
DA:83,0
DA:84,0
DA:85,0
DA:86,0
DA:87,0
DA:88,0
DA:89,0
DA:90,0
DA:91,0
DA:92,0
DA:93,0
DA:94,0
DA:97,0
DA:98,0
DA:115,0
DA:116,0
DA:121,0
DA:123,0
DA:127,0
DA:131,0
DA:132,0
DA:133,0
DA:134,0
DA:136,0
DA:137,0
DA:145,0
DA:146,0
DA:147,0
DA:153,0
DA:154,0
DA:156,0
DA:157,0
DA:162,0
DA:163,0
DA:168,0
DA:169,0
DA:170,0
DA:176,0
DA:177,0
DA:183,0
DA:190,0
DA:191,0
DA:192,0
DA:193,0
DA:196,0
DA:197,0
DA:204,0
DA:205,0
DA:210,0
DA:211,0
DA:218,0
DA:219,0
DA:224,0
DA:225,0
DA:233,0
DA:239,0
LF:88
LH:0
BRDA:36,0,0,0
BRDA:37,1,0,0
BRDA:37,1,1,0
BRDA:50,2,0,0
BRDA:56,3,0,0
BRDA:56,3,1,0
BRDA:58,4,0,0
BRDA:58,4,1,0
BRDA:58,5,0,0
BRDA:58,5,1,0
BRDA:60,6,0,0
BRDA:60,6,1,0
BRDA:60,7,0,0
BRDA:60,7,1,0
BRDA:62,8,0,0
BRDA:62,8,1,0
BRDA:62,9,0,0
BRDA:62,9,1,0
BRDA:65,10,0,0
BRDA:65,10,1,0
BRDA:66,11,0,0
BRDA:66,11,1,0
BRDA:67,12,0,0
BRDA:67,12,1,0
BRDA:68,13,0,0
BRDA:68,13,1,0
BRDA:69,14,0,0
BRDA:69,14,1,0
BRDA:70,15,0,0
BRDA:70,15,1,0
BRDA:72,16,0,0
BRDA:72,16,1,0
BRDA:72,17,0,0
BRDA:72,17,1,0
BRDA:73,18,0,0
BRDA:73,18,1,0
BRDA:74,19,0,0
BRDA:74,19,1,0
BRDA:74,20,0,0
BRDA:74,20,1,0
BRDA:75,21,0,0
BRDA:75,21,1,0
BRDA:76,22,0,0
BRDA:76,22,1,0
BRDA:76,23,0,0
BRDA:76,23,1,0
BRDA:77,24,0,0
BRDA:77,24,1,0
BRDA:84,25,0,0
BRDA:84,25,1,0
BRDA:85,26,0,0
BRDA:85,26,1,0
BRDA:86,27,0,0
BRDA:86,27,1,0
BRDA:87,28,0,0
BRDA:87,28,1,0
BRDA:88,29,0,0
BRDA:88,29,1,0
BRDA:88,30,0,0
BRDA:88,30,1,0
BRDA:88,30,2,0
BRDA:88,31,0,0
BRDA:88,31,1,0
BRDA:88,32,0,0
BRDA:88,32,1,0
BRDA:88,32,2,0
BRDA:89,33,0,0
BRDA:89,33,1,0
BRDA:90,34,0,0
BRDA:90,34,1,0
BRDA:91,35,0,0
BRDA:91,35,1,0
BRDA:92,36,0,0
BRDA:92,36,1,0
BRDA:92,37,0,0
BRDA:92,37,1,0
BRDA:92,38,0,0
BRDA:92,38,1,0
BRDA:92,39,0,0
BRDA:92,39,1,0
BRDA:93,40,0,0
BRDA:94,41,0,0
BRDA:94,41,1,0
BRDA:94,42,0,0
BRDA:94,42,1,0
BRDA:115,43,0,0
BRDA:145,44,0,0
BRDA:146,45,0,0
BRDA:147,46,0,0
BRDA:147,46,1,0
BRDA:147,47,0,0
BRDA:147,47,1,0
BRDA:162,48,0,0
BRDA:163,49,0,0
BRDA:163,49,1,0
BRDA:163,50,0,0
BRDA:163,50,1,0
BRDA:163,51,0,0
BRDA:163,51,1,0
BRDA:176,52,0,0
BRDA:177,53,0,0
BRDA:177,53,1,0
BRDA:177,54,0,0
BRDA:177,54,1,0
BRDA:177,55,0,0
BRDA:177,55,1,0
BRDA:192,56,0,0
BRDA:204,57,0,0
BRDA:205,58,0,0
BRDA:205,58,1,0
BRDA:205,59,0,0
BRDA:205,59,1,0
BRDA:205,60,0,0
BRDA:205,60,1,0
BRDA:218,61,0,0
BRDA:219,62,0,0
BRDA:219,62,1,0
BRDA:219,63,0,0
BRDA:219,63,1,0
BRDA:219,64,0,0
BRDA:219,64,1,0
BRDA:229,65,0,0
BRDA:229,65,1,0
BRF:123
BRH:0
end_of_record
TN:
SF:src\services\imagePopulator.ts
FN:41,(anonymous_16)
FN:50,(anonymous_17)
FN:117,(anonymous_19)
FN:161,(anonymous_21)
FN:217,(anonymous_23)
FN:220,(anonymous_24)
FN:226,(anonymous_25)
FN:238,(anonymous_26)
FN:252,(anonymous_27)
FN:261,(anonymous_28)
FN:267,(anonymous_30)
FN:301,(anonymous_31)
FN:305,(anonymous_33)
FN:306,(anonymous_34)
FN:310,(anonymous_35)
FN:321,(anonymous_36)
FN:376,(anonymous_37)
FN:390,(anonymous_38)
FN:398,(anonymous_40)
FN:409,(anonymous_41)
FN:422,(anonymous_42)
FN:423,(anonymous_43)
FN:430,(anonymous_44)
FN:441,(anonymous_45)
FN:456,(anonymous_46)
FN:465,(anonymous_48)
FN:466,(anonymous_49)
FN:470,(anonymous_50)
FN:486,(anonymous_51)
FN:516,(anonymous_52)
FN:537,(anonymous_53)
FN:538,(anonymous_54)
FN:547,(anonymous_55)
FN:547,(anonymous_56)
FN:550,(anonymous_57)
FN:551,(anonymous_58)
FN:557,(anonymous_59)
FN:565,(anonymous_60)
FNF:38
FNH:0
FNDA:0,(anonymous_16)
FNDA:0,(anonymous_17)
FNDA:0,(anonymous_19)
FNDA:0,(anonymous_21)
FNDA:0,(anonymous_23)
FNDA:0,(anonymous_24)
FNDA:0,(anonymous_25)
FNDA:0,(anonymous_26)
FNDA:0,(anonymous_27)
FNDA:0,(anonymous_28)
FNDA:0,(anonymous_30)
FNDA:0,(anonymous_31)
FNDA:0,(anonymous_33)
FNDA:0,(anonymous_34)
[...]
BRDA:71,14,1,0
BRDA:71,15,0,0
BRDA:71,15,1,0
BRDA:79,16,0,0
BRDA:90,17,0,0
BRDA:95,18,0,0
BRDA:104,19,0,0
BRF:29
BRH:0
end_of_record
TN:
SF:src\services\setAliasStore.ts
FN:5,(anonymous_7)
FN:6,(anonymous_8)
FN:7,(anonymous_9)
FN:13,(anonymous_10)
FN:14,(anonymous_11)
FN:15,(anonymous_12)
FN:22,syncSetIdAliases
FN:52,getCatalogSetIdsForSource
FN:58,(anonymous_17)
FNF:9
FNH:0
FNDA:0,(anonymous_7)
FNDA:0,(anonymous_8)
FNDA:0,(anonymous_9)
FNDA:0,(anonymous_10)
FNDA:0,(anonymous_11)
FNDA:0,(anonymous_12)
FNDA:0,syncSetIdAliases
FNDA:0,getCatalogSetIdsForSource
FNDA:0,(anonymous_17)
DA:1,0
DA:2,0
DA:3,0
DA:5,0
DA:6,0
DA:7,0
DA:8,0
DA:9,0
DA:13,0
DA:14,0
DA:15,0
DA:16,0
DA:17,0
DA:22,0
DA:23,0
DA:25,0
DA:31,0
DA:32,0
DA:33,0
DA:34,0
DA:36,0
DA:45,0
DA:48,0
DA:49,0
DA:52,0
DA:53,0
DA:58,0
DA:59,0
DA:60,0
DA:61,0
DA:62,0
DA:65,0
LF:32
LH:0
BRDA:5,0,0,0
BRDA:8,1,0,0
BRDA:8,1,1,0
BRDA:9,2,0,0
BRDA:9,2,1,0
BRDA:13,3,0,0
BRDA:16,4,0,0
BRDA:16,4,1,0
BRDA:34,5,0,0
BRDA:43,6,0,0
BRDA:43,6,1,0
BRDA:59,7,0,0
BRDA:62,8,0,0
BRF:13
BRH:0
end_of_record
TN:
SF:src\services\setCodeService.ts
FN:9,(anonymous_7)
FN:20,(anonymous_8)
FN:43,(anonymous_10)
FN:55,(anonymous_12)
FN:86,(anonymous_13)
FN:92,(anonymous_14)
FN:97,(anonymous_15)
FN:101,(anonymous_16)
FN:109,(anonymous_17)
FN:115,(anonymous_18)
FN:122,(anonymous_19)
FN:164,(anonymous_20)
FN:166,(anonymous_22)
FN:178,(anonymous_23)
FN:183,(anonymous_24)
FN:193,(anonymous_25)
FN:208,(anonymous_26)
FN:217,(anonymous_28)
FN:283,(anonymous_30)
FN:290,(anonymous_32)
FN:297,(anonymous_34)
FN:343,(anonymous_36)
FN:355,(anonymous_37)
FN:362,(anonymous_38)
FNF:24
FNH:1
FNDA:1,(anonymous_7)
FNDA:0,(anonymous_8)
FNDA:0,(anonymous_10)
FNDA:0,(anonymous_12)
FNDA:0,(anonymous_13)
FNDA:0,(anonymous_14)
FNDA:0,(anonymous_15)
FNDA:0,(anonymous_16)
FNDA:0,(anonymous_17)
FNDA:0,(anonymous_18)
FNDA:0,(anonymous_19)
FNDA:0,(anonymous_20)
FNDA:0,(anonymous_22)
FNDA:0,(anonymous_23)
FNDA:0,(anonymous_24)
FNDA:0,(anonymous_25)
FNDA:0,(anonymous_26)
FNDA:0,(anonymous_28)
FNDA:0,(anonymous_30)
FNDA:0,(anonymous_32)
FNDA:0,(anonymous_34)
FNDA:0,(anonymous_36)
FNDA:0,(anonymous_37)
FNDA:0,(anonymous_38)
DA:1,1
DA:2,1
DA:3,1
DA:9,1
DA:10,1
DA:11,1
DA:12,1
DA:13,1
DA:14,1
DA:15,1
DA:21,0
DA:22,0
DA:23,0
DA:26,0
DA:27,0
DA:28,0
DA:31,0
DA:32,0
DA:33,0
DA:34,0
DA:36,0
DA:44,0
DA:45,0
DA:46,0
DA:48,0
DA:49,0
DA:50,0
DA:53,0
DA:54,0
DA:55,0
DA:56,0
DA:57,0
DA:60,0
DA:61,0
DA:62,0
DA:65,0
DA:66,0
DA:68,0
DA:72,0
DA:73,0
DA:74,0
DA:77,0
DA:81,0
DA:82,0
DA:87,0
DA:88,0
DA:92,0
DA:98,0
DA:100,0
DA:101,0
DA:103,0
DA:105,0
DA:106,0
DA:107,0
DA:109,0
DA:110,0
DA:111,0
DA:116,0
DA:123,0
DA:124,0
DA:125,0
DA:129,0
DA:130,0
DA:133,0
DA:140,0
DA:141,0
DA:145,0
DA:146,0
DA:147,0
DA:151,0
DA:152,0
DA:153,0
DA:156,0
DA:157,0
DA:158,0
DA:159,0
DA:160,0
DA:165,0
DA:166,0
DA:167,0
DA:179,0
DA:180,0
DA:184,0
DA:185,0
DA:188,0
DA:189,0
DA:192,0
DA:193,0
DA:194,0
DA:200,0
DA:201,0
DA:202,0
DA:209,0
DA:210,0
DA:219,0
DA:221,0
DA:222,0
DA:223,0
DA:226,0
DA:227,0
DA:228,0
DA:232,0
DA:233,0
DA:234,0
DA:235,0
DA:236,0
DA:240,0
DA:241,0
DA:242,0
DA:243,0
DA:244,0
DA:245,0
DA:250,0
DA:251,0
DA:252,0
DA:253,0
DA:254,0
DA:260,0
DA:266,0
DA:267,0
DA:268,0
DA:269,0
DA:270,0
DA:271,0
DA:276,0
DA:277,0
DA:284,0
DA:291,0
DA:302,0
DA:303,0
DA:304,0
DA:305,0
DA:308,0
DA:309,0
DA:310,0
DA:311,0
DA:316,0
DA:317,0
DA:318,0
DA:319,0
DA:325,0
DA:326,0
DA:328,0
DA:331,0
DA:332,0
DA:334,0
DA:344,0
DA:356,0
DA:363,0
DA:364,0
DA:365,0
DA:366,0
DA:371,1
LF:153
LH:11
BRDA:21,0,0,0
BRDA:21,1,0,0
BRDA:21,1,1,0
BRDA:26,2,0,0
BRDA:48,3,0,0
BRDA:73,4,0,0
BRDA:87,5,0,0
BRDA:89,6,0,0
BRDA:89,6,1,0
BRDA:89,6,2,0
BRDA:98,7,0,0
BRDA:103,8,0,0
BRDA:107,9,0,0
BRDA:111,10,0,0
BRDA:111,10,1,0
BRDA:111,10,2,0
BRDA:117,11,0,0
BRDA:117,11,1,0
BRDA:118,12,0,0
BRDA:118,12,1,0
BRDA:123,13,0,0
BRDA:123,14,0,0
BRDA:123,14,1,0
BRDA:140,15,0,0
BRDA:140,16,0,0
BRDA:140,16,1,0
BRDA:145,17,0,0
BRDA:156,18,0,0
BRDA:179,19,0,0
BRDA:179,19,1,0
BRDA:180,20,0,0
BRDA:180,20,1,0
BRDA:188,21,0,0
BRDA:221,22,0,0
BRDA:226,23,0,0
BRDA:234,24,0,0
BRDA:240,25,0,0
BRDA:243,26,0,0
BRDA:251,27,0,0
BRDA:251,28,0,0
BRDA:251,28,1,0
BRDA:252,29,0,0
BRDA:252,30,0,0
BRDA:252,30,1,0
BRDA:267,31,0,0
BRDA:267,32,0,0
BRDA:267,32,1,0
BRDA:269,33,0,0
BRDA:276,34,0,0
BRDA:276,34,1,0
BRDA:302,35,0,0
BRDA:302,36,0,0
BRDA:302,36,1,0
BRDA:303,37,0,0
BRDA:304,38,0,0
BRDA:308,39,0,0
BRDA:308,39,1,0
BRDA:309,40,0,0
BRDA:310,41,0,0
BRDA:310,41,1,0
BRDA:317,42,0,0
BRDA:326,43,0,0
BRDA:364,44,0,0
BRF:63
BRH:0
end_of_record
TN:
SF:src\services\setListService.ts
FN:31,(anonymous_7)
FN:32,(anonymous_8)
FN:33,(anonymous_9)
FN:39,(anonymous_10)
FN:39,(anonymous_11)
FN:67,(anonymous_12)
FN:67,(anonymous_13)
FN:102,(anonymous_14)
FN:104,(anonymous_15)
FN:107,(anonymous_16)
FN:117,(anonymous_17)
FNF:11
FNH:0
FNDA:0,(anonymous_7)
FNDA:0,(anonymous_8)
FNDA:0,(anonymous_9)
FNDA:0,(anonymous_10)
FNDA:0,(anonymous_11)
FNDA:0,(anonymous_12)
FNDA:0,(anonymous_13)
FNDA:0,(anonymous_14)
FNDA:0,(anonymous_15)
FNDA:0,(anonymous_16)
FNDA:0,(anonymous_17)
DA:1,0
DA:2,0
DA:3,0
DA:31,0
DA:32,0
DA:33,0
DA:34,0
DA:35,0
DA:39,0
DA:40,0
DA:52,0
DA:54,0
DA:67,0
DA:68,0
DA:70,0
DA:71,0
DA:73,0
DA:74,0
DA:76,0
DA:79,0
DA:80,0
DA:85,0
DA:87,0
DA:99,0
DA:102,0
DA:104,0
DA:105,0
DA:107,0
DA:108,0
DA:118,0
DA:119,0
DA:124,0
DA:126,0
DA:128,0
DA:131,0
DA:132,0
DA:138,0
LF:37
LH:0
BRDA:31,0,0,0
BRDA:34,1,0,0
BRDA:34,1,1,0
BRDA:35,2,0,0
BRDA:35,2,1,0
BRDA:52,3,0,0
BRDA:76,4,0,0
BRDA:76,4,1,0
BRDA:76,4,2,0
BRDA:76,5,0,0
BRDA:76,5,1,0
BRDA:76,6,0,0
BRDA:76,6,1,0
BRDA:79,7,0,0
BRDA:79,7,1,0
BRDA:79,8,0,0
BRDA:79,8,1,0
BRDA:79,9,0,0
BRDA:79,9,1,0
BRDA:81,10,0,0
BRDA:81,10,1,0
BRDA:81,11,0,0
BRDA:81,11,1,0
BRDA:81,12,0,0
BRDA:81,12,1,0
BRDA:85,13,0,0
BRDA:85,13,1,0
BRDA:85,14,0,0
BRDA:85,14,1,0
BRDA:90,15,0,0
BRDA:90,15,1,0
BRDA:90,15,2,0
BRDA:90,16,0,0
BRDA:90,16,1,0
BRDA:90,17,0,0
BRDA:90,17,1,0
BRDA:118,18,0,0
BRDA:118,18,1,0
BRDA:124,19,0,0
BRDA:128,20,0,0
BRDA:128,20,1,0
BRDA:128,20,2,0
BRDA:128,21,0,0
BRDA:128,21,1,0
BRDA:128,22,0,0
BRDA:128,22,1,0
BRDA:131,23,0,0
BRDA:131,23,1,0
BRDA:131,24,0,0
BRDA:131,24,1,0
BRDA:131,25,0,0
BRDA:131,25,1,0
BRDA:133,26,0,0
BRDA:133,26,1,0
BRDA:133,27,0,0
BRDA:133,27,1,0
BRDA:133,28,0,0
BRDA:133,28,1,0
BRDA:141,29,0,0
BRDA:141,29,1,0
BRDA:141,29,2,0
BRDA:141,30,0,0
BRDA:141,30,1,0
BRDA:141,31,0,0
BRDA:141,31,1,0
BRDA:146,32,0,0
BRDA:146,32,1,0
BRDA:146,33,0,0
BRDA:146,33,1,0
BRF:69
BRH:0
end_of_record
TN:
SF:src\services\setTrackerService.ts
FN:20,(anonymous_16)
FN:29,(anonymous_17)
FN:77,(anonymous_18)
FN:78,(anonymous_19)
FN:79,(anonymous_20)
FN:85,(anonymous_21)
FN:86,(anonymous_22)
FN:87,(anonymous_23)
FN:93,(anonymous_24)
FN:104,(anonymous_25)
FN:106,(anonymous_26)
FN:125,(anonymous_27)
FN:126,(anonymous_28)
FN:145,(anonymous_29)
FN:175,(anonymous_30)
FN:196,(anonymous_31)
FN:239,(anonymous_32)
FN:239,(anonymous_33)
FN:286,(anonymous_34)
FN:334,(anonymous_35)
FN:334,(anonymous_36)
FN:369,(anonymous_37)
FN:378,(anonymous_38)
FN:408,(anonymous_39)
FN:428,(anonymous_40)
FN:498,(anonymous_41)
FN:507,(anonymous_42)
FN:509,(anonymous_43)
FN:516,(anonymous_44)
FN:523,(anonymous_45)
FN:542,(anonymous_46)
FN:564,(anonymous_47)
FN:589,(anonymous_48)
FN:599,(anonymous_49)
FN:602,(anonymous_50)
FN:660,(anonymous_51)
FNF:36
FNH:3
FNDA:0,(anonymous_16)
FNDA:0,(anonymous_17)
FNDA:0,(anonymous_18)
FNDA:0,(anonymous_19)
FNDA:0,(anonymous_20)
FNDA:0,(anonymous_21)
FNDA:0,(anonymous_22)
FNDA:0,(anonymous_23)
FNDA:0,(anonymous_24)
FNDA:0,(anonymous_25)
FNDA:0,(anonymous_26)
FNDA:0,(anonymous_27)
FNDA:0,(anonymous_28)
FNDA:0,(anonymous_29)
FNDA:0,(anonymous_30)
FNDA:0,(anonymous_31)
FNDA:0,(anonymous_32)
FNDA:0,(anonymous_33)
FNDA:0,(anonymous_34)
FNDA:0,(anonymous_35)
FNDA:0,(anonymous_36)
FNDA:0,(anonymous_37)
FNDA:0,(anonymous_38)
FNDA:0,(anonymous_39)
FNDA:0,(anonymous_40)
FNDA:1,(anonymous_41)
FNDA:0,(anonymous_42)
FNDA:3,(anonymous_43)
FNDA:2,(anonymous_44)
FNDA:0,(anonymous_45)
FNDA:0,(anonymous_46)
FNDA:0,(anonymous_47)
FNDA:0,(anonymous_48)
FNDA:0,(anonymous_49)
FNDA:0,(anonymous_50)
FNDA:0,(anonymous_51)
DA:1,1
DA:2,1
DA:8,1
DA:10,1
DA:20,1
DA:21,0
DA:22,0
DA:23,0
DA:25,0
DA:29,1
DA:32,0
DA:34,0
DA:35,0
DA:36,0
DA:37,0
DA:40,0
DA:41,0
DA:44,0
DA:77,1
DA:78,0
DA:79,0
DA:80,0
DA:81,0
DA:85,1
DA:86,0
DA:87,0
DA:88,0
DA:89,0
DA:93,1
DA:104,0
DA:105,0
DA:106,0
DA:107,0
DA:108,0
DA:113,0
DA:124,0
DA:125,0
DA:126,0
DA:127,0
DA:128,0
DA:129,0
DA:130,0
DA:142,0
DA:145,1
DA:150,0
DA:151,0
DA:152,0
DA:153,0
DA:155,0
DA:156,0
DA:157,0
DA:158,0
DA:159,0
DA:162,0
DA:163,0
DA:164,0
DA:165,0
DA:175,1
DA:190,0
DA:191,0
DA:192,0
DA:193,0
DA:194,0
DA:196,0
DA:201,0
DA:202,0
DA:207,0
DA:211,0
DA:212,0
DA:214,0
DA:221,0
DA:222,0
DA:223,0
DA:225,0
DA:226,0
DA:228,0
DA:229,0
DA:231,0
DA:232,0
DA:236,0
DA:239,1
DA:240,0
DA:241,0
DA:243,0
DA:286,1
DA:290,0
DA:292,0
DA:296,0
DA:300,0
DA:303,0
DA:308,0
DA:314,0
DA:315,0
DA:322,0
DA:323,0
DA:324,0
DA:331,0
DA:334,1
DA:335,0
DA:339,0
DA:340,0
DA:342,0
DA:368,0
DA:369,0
DA:375,0
DA:378,1
DA:379,0
DA:380,0
DA:381,0
DA:383,0
DA:386,0
DA:408,1
DA:428,1
DA:433,0
DA:434,0
DA:435,0
DA:436,0
DA:437,0
DA:438,0
DA:439,0
DA:440,0
DA:442,0
DA:443,0
DA:444,0
DA:445,0
DA:446,0
DA:447,0
DA:449,0
DA:451,0
DA:452,0
DA:453,0
DA:455,0
DA:459,0
DA:460,0
DA:461,0
DA:463,0
DA:491,1
DA:492,1
DA:498,1
DA:502,1
DA:505,1
DA:507,0
DA:509,3
DA:510,1
DA:512,1
DA:513,1
DA:515,1
DA:516,2
DA:519,1
DA:520,1
DA:523,1
DA:524,0
DA:526,0
DA:527,0
DA:528,0
DA:529,0
DA:530,0
DA:542,1
DA:543,0
DA:544,0
DA:545,0
DA:546,0
DA:548,0
DA:549,0
DA:550,0
DA:551,0
DA:553,0
DA:554,0
DA:556,0
DA:557,0
DA:561,0
DA:564,1
DA:574,0
DA:575,0
DA:576,0
DA:578,0
DA:579,0
DA:580,0
DA:582,0
DA:583,0
DA:584,0
DA:586,0
DA:589,1
DA:594,0
DA:595,0
DA:596,0
DA:599,1
DA:602,0
DA:603,0
DA:614,0
DA:616,0
DA:617,0
DA:618,0
DA:619,0
DA:620,0
DA:622,0
DA:659,0
DA:660,0
DA:662,0
DA:663,0
DA:664,0
DA:666,0
DA:672,0
DA:673,0
DA:674,0
DA:675,0
DA:681,0
DA:683,0
DA:684,0
DA:685,0
DA:688,0
DA:689,0
DA:690,0
DA:692,0
DA:693,0
DA:694,0
DA:695,0
DA:698,0
DA:699,0
DA:700,0
DA:701,0
DA:702,0
DA:705,0
DA:708,0
LF:224
LH:35
BRDA:21,0,0,0
BRDA:32,1,0,0
BRDA:36,2,0,0
BRDA:36,2,1,0
BRDA:36,3,0,0
BRDA:36,3,1,0
BRDA:37,4,0,0
BRDA:37,5,0,0
BRDA:37,5,1,0
BRDA:41,6,0,0
BRDA:41,7,0,0
BRDA:41,7,1,0
BRDA:41,8,0,0
BRDA:41,8,1,0
BRDA:41,9,0,0
BRDA:41,9,1,0
BRDA:77,10,0,0
BRDA:80,11,0,0
BRDA:80,11,1,0
BRDA:81,12,0,0
BRDA:81,12,1,0
BRDA:85,13,0,0
BRDA:88,14,0,0
BRDA:88,14,1,0
BRDA:108,15,0,0
BRDA:124,16,0,0
BRDA:129,17,0,0
BRDA:129,17,1,0
BRDA:129,18,0,0
BRDA:129,18,1,0
BRDA:129,19,0,0
BRDA:129,19,1,0
BRDA:129,20,0,0
BRDA:129,20,1,0
BRDA:129,21,0,0
BRDA:129,21,1,0
BRDA:133,22,0,0
BRDA:133,22,1,0
BRDA:133,22,2,0
BRDA:133,23,0,0
BRDA:133,23,1,0
BRDA:133,24,0,0
BRDA:133,24,1,0
BRDA:135,25,0,0
BRDA:135,25,1,0
BRDA:135,26,0,0
BRDA:135,26,1,0
BRDA:138,27,0,0
BRDA:138,27,1,0
BRDA:138,28,0,0
BRDA:138,28,1,0
BRDA:150,29,0,0
BRDA:150,29,1,0
BRDA:151,30,0,0
BRDA:151,30,1,0
BRDA:151,30,2,0
BRDA:151,30,3,0
BRDA:155,31,0,0
BRDA:156,32,0,0
BRDA:156,33,0,0
BRDA:156,33,1,0
BRDA:157,34,0,0
BRDA:157,35,0,0
BRDA:157,35,1,0
BRDA:158,36,0,0
BRDA:158,37,0,0
BRDA:158,37,1,0
BRDA:162,38,0,0
BRDA:162,39,0,0
BRDA:162,39,1,0
BRDA:163,40,0,0
BRDA:163,41,0,0
BRDA:163,41,1,0
BRDA:164,42,0,0
BRDA:164,43,0,0
BRDA:164,43,1,0
BRDA:202,44,0,0
BRDA:203,45,0,0
BRDA:203,45,1,0
BRDA:203,45,2,0
BRDA:203,45,3,0
BRDA:212,46,0,0
BRDA:212,47,0,0
BRDA:212,47,1,0
BRDA:221,48,0,0
BRDA:222,49,0,0
BRDA:222,50,0,0
BRDA:222,50,1,0
BRDA:225,51,0,0
BRDA:225,52,0,0
BRDA:225,52,1,0
BRDA:228,53,0,0
BRDA:228,54,0,0
BRDA:228,54,1,0
BRDA:231,55,0,0
BRDA:292,56,0,0
BRDA:292,56,1,0
BRDA:292,57,0,0
BRDA:292,57,1,0
BRDA:296,58,0,0
BRDA:296,58,1,0
BRDA:296,59,0,0
BRDA:296,59,1,0
BRDA:300,60,0,0
BRDA:300,60,1,0
BRDA:300,61,0,0
BRDA:300,61,1,0
BRDA:303,62,0,0
BRDA:303,62,1,0
BRDA:308,63,0,0
BRDA:308,63,1,0
BRDA:308,63,2,0
BRDA:308,63,3,0
BRDA:308,63,4,0
BRDA:314,64,0,0
BRDA:323,65,0,0
BRDA:323,66,0,0
BRDA:323,66,1,0
BRDA:339,67,0,0
BRDA:339,67,1,0
BRDA:339,68,0,0
BRDA:339,68,1,0
BRDA:368,69,0,0
BRDA:379,70,0,0
BRDA:379,70,1,0
BRDA:379,71,0,0
BRDA:379,71,1,0
BRDA:381,72,0,0
BRDA:381,72,1,0
BRDA:381,73,0,0
BRDA:381,73,1,0
BRDA:381,74,0,0
BRDA:381,74,1,0
BRDA:381,75,0,0
BRDA:381,75,1,0
BRDA:383,76,0,0
BRDA:383,76,1,0
BRDA:383,77,0,0
BRDA:383,77,1,0
BRDA:384,78,0,0
BRDA:384,78,1,0
BRDA:384,79,0,0
BRDA:384,79,1,0
BRDA:384,80,0,0
BRDA:384,80,1,0
BRDA:389,81,0,0
BRDA:389,81,1,0
BRDA:390,82,0,0
BRDA:390,82,1,0
BRDA:396,83,0,0
BRDA:396,83,1,0
BRDA:396,83,2,0
BRDA:397,84,0,0
BRDA:397,84,1,0
BRDA:397,84,2,0
BRDA:433,85,0,0
BRDA:433,85,1,0
BRDA:433,86,0,0
BRDA:433,86,1,0
BRDA:444,87,0,0
BRDA:446,88,0,0
BRDA:446,88,1,0
BRDA:447,89,0,0
BRDA:451,90,0,0
BRDA:451,90,1,0
BRDA:460,91,0,0
BRDA:460,91,1,0
BRDA:461,92,0,0
BRDA:461,92,1,0
BRDA:464,93,0,0
BRDA:464,93,1,0
BRDA:464,94,0,0
BRDA:464,94,1,0
BRDA:464,95,0,0
BRDA:464,95,1,0
BRDA:465,96,0,0
BRDA:465,96,1,0
BRDA:465,97,0,0
BRDA:465,97,1,0
BRDA:465,98,0,0
BRDA:465,98,1,0
BRDA:466,99,0,0
BRDA:466,99,1,0
BRDA:466,100,0,0
BRDA:466,100,1,0
BRDA:466,101,0,0
BRDA:466,101,1,0
BRDA:502,102,0,0
BRDA:505,103,0,1
BRDA:505,103,1,0
BRDA:505,104,0,1
BRDA:505,104,1,1
BRDA:510,105,0,0
BRDA:510,106,0,1
BRDA:510,106,1,1
BRDA:516,107,0,2
BRDA:516,107,1,1
BRDA:519,108,0,0
BRDA:519,109,0,0
BRDA:519,109,1,0
BRDA:526,110,0,0
BRDA:526,110,1,0
BRDA:526,111,0,0
BRDA:526,111,1,0
BRDA:526,112,0,0
BRDA:526,112,1,0
BRDA:527,113,0,0
BRDA:550,114,0,0
BRDA:550,115,0,0
BRDA:550,115,1,0
BRDA:553,116,0,0
BRDA:553,117,0,0
BRDA:553,117,1,0
BRDA:556,118,0,0
BRDA:574,119,0,0
BRDA:575,120,0,0
BRDA:575,121,0,0
BRDA:575,121,1,0
BRDA:578,122,0,0
BRDA:578,123,0,0
BRDA:578,123,1,0
BRDA:580,124,0,0
BRDA:582,125,0,0
BRDA:582,126,0,0
BRDA:582,126,1,0
BRDA:584,127,0,0
BRDA:594,128,0,0
BRDA:594,129,0,0
BRDA:594,129,1,0
BRDA:595,130,0,0
BRDA:595,131,0,0
BRDA:595,131,1,0
BRDA:601,132,0,0
BRDA:614,133,0,0
BRDA:617,134,0,0
BRDA:617,134,1,0
BRDA:617,135,0,0
BRDA:617,135,1,0
BRDA:652,136,0,0
BRDA:652,136,1,0
BRDA:655,137,0,0
BRDA:655,137,1,0
BRDA:664,138,0,0
BRDA:667,139,0,0
BRDA:667,139,1,0
BRDA:667,140,0,0
BRDA:667,140,1,0
BRDA:672,141,0,0
BRDA:681,142,0,0
BRDA:695,143,0,0
BRF:250
BRH:7
end_of_record
TN:
SF:src\services\providers\pokemonCatalogProvider.ts
FN:5,(anonymous_7)
FN:5,(anonymous_8)
FN:7,(anonymous_9)
FN:14,(anonymous_10)
FN:22,(anonymous_12)
FNF:5
FNH:0
FNDA:0,(anonymous_7)
FNDA:0,(anonymous_8)
FNDA:0,(anonymous_9)
FNDA:0,(anonymous_10)
FNDA:0,(anonymous_12)
DA:1,0
DA:4,0
DA:5,0
DA:6,0
DA:7,0
DA:15,0
DA:22,0
DA:43,0
LF:8
LH:0
BRDA:5,0,0,0
BRDA:32,1,0,0
BRDA:32,1,1,0
BRDA:32,2,0,0
BRDA:32,2,1,0
BRDA:33,3,0,0
BRDA:33,3,1,0
BRDA:33,4,0,0
BRDA:33,4,1,0
BRDA:35,5,0,0
BRDA:35,5,1,0
BRDA:35,6,0,0
BRDA:35,6,1,0
BRDA:35,7,0,0
BRDA:35,7,1,0
BRDA:35,8,0,0
BRDA:35,8,1,0
BRDA:35,9,0,0
BRDA:35,9,1,0
BRDA:35,10,0,0
BRDA:35,10,1,0
BRDA:38,11,0,0
BRDA:38,11,1,0
BRDA:38,12,0,0
BRDA:38,12,1,0
BRF:25
BRH:0
end_of_record
TN:
SF:src\services\providers\tcgdexMarketProvider.ts
FN:27,(anonymous_7)
FN:37,(anonymous_8)
FN:42,(anonymous_9)
FN:46,(anonymous_10)
FN:49,(anonymous_12)
FN:53,(anonymous_13)
FN:66,(anonymous_14)
FN:76,(anonymous_16)
FN:92,(anonymous_17)
FNF:9
FNH:0
FNDA:0,(anonymous_7)
FNDA:0,(anonymous_8)
FNDA:0,(anonymous_9)
FNDA:0,(anonymous_10)
FNDA:0,(anonymous_12)
FNDA:0,(anonymous_13)
FNDA:0,(anonymous_14)
FNDA:0,(anonymous_16)
FNDA:0,(anonymous_17)
DA:2,0
DA:4,0
DA:27,0
DA:28,0
DA:29,0
DA:30,0
DA:31,0
DA:32,0
DA:33,0
DA:34,0
DA:37,0
DA:38,0
DA:39,0
DA:40,0
DA:43,0
DA:47,0
DA:48,0
DA:49,0
DA:50,0
DA:53,0
DA:55,0
DA:56,0
DA:59,0
DA:60,0
DA:63,0
DA:67,0
DA:68,0
DA:69,0
DA:70,0
DA:71,0
DA:72,0
DA:75,0
DA:77,0
DA:78,0
DA:79,0
DA:82,0
DA:92,0
DA:94,0
DA:95,0
DA:98,0
DA:107,0
DA:108,0
DA:109,0
DA:114,0
DA:116,0
DA:121,0
LF:46
LH:0
BRDA:29,0,0,0
BRDA:30,1,0,0
BRDA:31,2,0,0
BRDA:32,3,0,0
BRDA:33,4,0,0
BRDA:55,5,0,0
BRDA:59,6,0,0
BRDA:71,7,0,0
BRDA:71,8,0,0
BRDA:71,8,1,0
BRDA:71,9,0,0
BRDA:71,9,1,0
BRDA:71,10,0,0
BRDA:71,10,1,0
BRDA:71,11,0,0
BRDA:71,11,1,0
BRDA:71,12,0,0
BRDA:71,12,1,0
BRDA:77,13,0,0
BRDA:77,13,1,0
BRDA:77,14,0,0
BRDA:77,14,1,0
BRDA:78,15,0,0
BRDA:85,16,0,0
BRDA:85,16,1,0
BRDA:85,17,0,0
BRDA:85,17,1,0
BRDA:94,18,0,0
BRDA:108,19,0,0
BRF:29
BRH:0
end_of_record
TN:
SF:src\utils\apiResponse.ts
FN:3,ok
FN:7,fail
FNF:2
FNH:0
FNDA:0,ok
FNDA:0,fail
DA:3,0
DA:4,0
DA:7,0
DA:8,0
LF:4
LH:0
BRDA:3,0,0,0
BRDA:7,1,0,0
BRF:2
BRH:0
end_of_record
TN:
SF:src\utils\cookies.ts
FN:8,setAuthCookie
FN:22,clearAuthCookie
FN:36,getAuthCookie
FNF:3
FNH:0
FNDA:0,setAuthCookie
FNDA:0,clearAuthCookie
FNDA:0,getAuthCookie
DA:2,0
DA:4,0
DA:6,0
DA:8,0
DA:9,0
DA:16,0
DA:17,0
DA:19,0
DA:22,0
DA:23,0
DA:30,0
DA:31,0
DA:33,0
DA:36,0
DA:37,0
DA:38,0
DA:39,0
DA:40,0
DA:41,0
DA:44,0
LF:20
LH:0
BRDA:16,0,0,0
BRDA:30,1,0,0
BRDA:37,2,0,0
BRDA:40,3,0,0
BRF:4
BRH:0
end_of_record
TN:
SF:src\utils\dbAsync.ts
FN:3,runDb
FN:8,(anonymous_1)
FN:9,(anonymous_2)
FN:16,getDbRow
FN:21,(anonymous_4)
FN:22,(anonymous_5)
FN:29,allDbRows
FN:30,(anonymous_7)
FN:31,(anonymous_8)
FNF:9
FNH:0
FNDA:0,runDb
FNDA:0,(anonymous_1)
FNDA:0,(anonymous_2)
FNDA:0,getDbRow
FNDA:0,(anonymous_4)
FNDA:0,(anonymous_5)
FNDA:0,allDbRows
FNDA:0,(anonymous_7)
FNDA:0,(anonymous_8)
DA:3,0
DA:8,0
DA:9,0
DA:10,0
DA:11,0
DA:16,0
DA:21,0
DA:22,0
DA:23,0
DA:24,0
DA:29,0
DA:30,0
DA:31,0
DA:32,0
DA:33,0
LF:15
LH:0
BRDA:6,0,0,0
BRDA:10,1,0,0
BRDA:10,1,1,0
BRDA:19,2,0,0
BRDA:23,3,0,0
BRDA:23,3,1,0
BRDA:29,4,0,0
BRDA:32,5,0,0
BRDA:32,5,1,0
BRDA:33,6,0,0
BRDA:33,6,1,0
BRF:11
BRH:0
end_of_record
TN:
SF:src\utils\logger.ts
FN:14,(anonymous_2)
FN:56,(anonymous_3)
FN:59,(anonymous_4)
FNF:3
FNH:0
FNDA:0,(anonymous_2)
FNDA:0,(anonymous_3)
FNDA:0,(anonymous_4)
DA:1,1
DA:2,1
DA:4,1
DA:11,1
DA:14,0
DA:15,0
DA:16,0
DA:17,0
DA:19,0
DA:23,1
DA:30,1
DA:31,0
DA:48,1
DA:56,1
DA:57,0
DA:59,0
DA:60,0
DA:61,0
DA:70,0
DA:73,1
LF:20
LH:9
BRDA:16,0,0,0
BRDA:30,1,0,0
BRF:2
BRH:0
end_of_record
TN:
SF:src\utils\setEra.ts
FN:26,(anonymous_0)
FN:28,(anonymous_1)
FN:80,(anonymous_2)
FN:81,(anonymous_3)
FN:83,(anonymous_4)
FN:89,(anonymous_5)
FN:103,(anonymous_6)
FN:108,(anonymous_7)
FNF:8
FNH:0
FNDA:0,(anonymous_0)
FNDA:0,(anonymous_1)
FNDA:0,(anonymous_2)
FNDA:0,(anonymous_3)
FNDA:0,(anonymous_4)
FNDA:0,(anonymous_5)
FNDA:0,(anonymous_6)
FNDA:0,(anonymous_7)
DA:7,0
DA:26,0
DA:28,0
DA:33,0
DA:34,0
DA:35,0
DA:37,0
DA:38,0
DA:40,0
DA:41,0
DA:43,0
DA:44,0
DA:46,0
DA:47,0
DA:49,0
DA:50,0
DA:52,0
DA:53,0
DA:55,0
DA:56,0
DA:57,0
DA:59,0
DA:60,0
DA:62,0
DA:63,0
DA:64,0
DA:65,0
DA:66,0
DA:67,0
DA:74,0
DA:77,0
DA:80,0
DA:81,0
DA:83,0
DA:84,0
DA:85,0
DA:86,0
DA:89,0
DA:93,0
DA:94,0
DA:95,0
DA:97,0
DA:98,0
DA:100,0
DA:103,0
DA:105,0
DA:108,0
DA:111,0
DA:112,0
DA:117,0
LF:50
LH:0
BRDA:35,0,0,0
BRDA:35,0,1,0
BRDA:37,1,0,0
BRDA:37,2,0,0
BRDA:37,2,1,0
BRDA:37,2,2,0
BRDA:40,3,0,0
BRDA:40,4,0,0
BRDA:40,4,1,0
BRDA:40,4,2,0
BRDA:43,5,0,0
BRDA:43,6,0,0
BRDA:43,6,1,0
BRDA:43,6,2,0
BRDA:46,7,0,0
BRDA:46,8,0,0
BRDA:46,8,1,0
BRDA:46,8,2,0
BRDA:49,9,0,0
BRDA:49,10,0,0
BRDA:49,10,1,0
BRDA:49,10,2,0
BRDA:49,10,3,0
BRDA:52,11,0,0
BRDA:52,12,0,0
BRDA:52,12,1,0
BRDA:52,12,2,0
BRDA:55,13,0,0
BRDA:55,14,0,0
BRDA:55,14,1,0
BRDA:56,15,0,0
BRDA:56,16,0,0
BRDA:56,16,1,0
BRDA:56,16,2,0
BRDA:59,17,0,0
BRDA:59,18,0,0
BRDA:59,18,1,0
BRDA:59,18,2,0
BRDA:62,19,0,0
BRDA:62,20,0,0
BRDA:62,20,1,0
BRDA:63,21,0,0
BRDA:63,22,0,0
BRDA:63,22,1,0
BRDA:63,22,2,0
BRDA:64,23,0,0
BRDA:64,24,0,0
BRDA:64,24,1,0
BRDA:65,25,0,0
BRDA:65,26,0,0
BRDA:65,26,1,0
BRDA:66,27,0,0
BRDA:66,28,0,0
BRDA:66,28,1,0
BRDA:67,29,0,0
BRDA:68,30,0,0
BRDA:68,30,1,0
BRDA:68,30,2,0
BRDA:68,30,3,0
BRDA:68,30,4,0
BRDA:81,31,0,0
BRDA:81,31,1,0
BRDA:81,32,0,0
BRDA:81,32,1,0
BRDA:81,33,0,0
BRDA:81,33,1,0
BRDA:81,34,0,0
BRDA:81,34,1,0
BRDA:84,35,0,0
BRDA:86,36,0,0
BRDA:86,36,1,0
BRDA:93,37,0,0
BRDA:93,37,1,0
BRDA:93,38,0,0
BRDA:93,38,1,0
BRDA:94,39,0,0
BRDA:94,39,1,0
BRDA:94,40,0,0
BRDA:94,40,1,0
BRDA:95,41,0,0
BRDA:98,42,0,0
BRDA:111,43,0,0
BRDA:111,44,0,0
BRDA:111,44,1,0
BRDA:111,45,0,0
BRDA:111,45,1,0
BRDA:111,46,0,0
BRDA:111,46,1,0
BRDA:111,47,0,0
BRDA:111,47,1,0
BRDA:111,48,0,0
BRDA:111,48,1,0
BRDA:113,49,0,0
BRDA:113,49,1,0
BRDA:114,50,0,0
BRDA:114,50,1,0
BRF:96
BRH:0
end_of_record
